20:38:57 INFO  : Registering command handlers for SDK TCF services
20:38:58 INFO  : Launching XSCT server: xsct.bat -interactive C:\Users\Louis\Desktop\SoC_TP_ENSEA\SoC_Basys3\SoC_Basys3.sdk\temp_xsdb_launch_script.tcl
20:39:04 INFO  : XSCT server has started successfully.
20:39:10 INFO  : Successfully done setting XSCT server connection channel  
20:39:10 INFO  : Successfully done setting SDK workspace  
20:39:11 INFO  : Processing command line option -hwspec C:/Users/Louis/Desktop/SoC_TP_ENSEA/SoC_Basys3/SoC_Basys3.sdk/design_1_wrapper.hdf.
20:45:43 INFO  : Connected to target on host '127.0.0.1' and port '3121'.
20:45:44 INFO  : 'targets -set -filter {jtag_cable_name =~ "Digilent Basys3 210183AB4F1CA" && level==0} -index 0' command is executed.
20:45:45 INFO  : FPGA configured successfully with bitstream "C:/Users/Louis/Desktop/SoC_TP_ENSEA/SoC_Basys3/SoC_Basys3.sdk/design_1_wrapper_hw_platform_0/download.bit"
20:46:52 INFO  : 'targets -set -filter {jtag_cable_name =~ "Digilent Basys3 210183AB4F1CA" && level==0} -index 0' command is executed.
20:46:52 INFO  : 'fpga -state' command is executed.
20:46:52 INFO  : Connected to target on host '127.0.0.1' and port '3121'.
20:46:52 INFO  : Jtag cable 'Digilent Basys3 210183AB4F1CA' is selected.
20:46:52 INFO  : 'jtag frequency' command is executed.
20:46:52 INFO  : 'configparams mdm-detect-bscan-mask 2' command is executed.
20:46:52 INFO  : Context for processor 'microblaze_0' is selected.
20:46:52 INFO  : Processor reset is completed for 'microblaze_0'.
20:46:52 INFO  : Context for processor 'microblaze_0' is selected.
20:46:52 INFO  : The application 'C:/Users/Louis/Desktop/SoC_TP_ENSEA/SoC_Basys3/SoC_Basys3.sdk/Test_IP/Debug/Test_IP.elf' is downloaded to processor 'microblaze_0'.
20:46:52 INFO  : ----------------XSDB Script----------------
connect -url tcp:127.0.0.1:3121
configparams mdm-detect-bscan-mask 2
targets -set -nocase -filter {name =~ "microblaze*#0" && bscan=="USER2"  && jtag_cable_name =~ "Digilent Basys3 210183AB4F1CA"} -index 0
rst -processor
targets -set -nocase -filter {name =~ "microblaze*#0" && bscan=="USER2"  && jtag_cable_name =~ "Digilent Basys3 210183AB4F1CA"} -index 0
dow C:/Users/Louis/Desktop/SoC_TP_ENSEA/SoC_Basys3/SoC_Basys3.sdk/Test_IP/Debug/Test_IP.elf
----------------End of Script----------------

20:46:53 INFO  : Memory regions updated for context PA
20:46:53 INFO  : Memory regions updated for context PA
20:46:53 INFO  : Context for processor 'microblaze_0' is selected.
20:46:53 INFO  : 'con' command is executed.
20:46:53 INFO  : ----------------XSDB Script (After Launch)----------------
targets -set -nocase -filter {name =~ "microblaze*#0" && bscan=="USER2"  && jtag_cable_name =~ "Digilent Basys3 210183AB4F1CA"} -index 0
con
----------------End of Script----------------

20:46:53 INFO  : Launch script is exported to file 'C:\Users\Louis\Desktop\SoC_TP_ENSEA\SoC_Basys3\SoC_Basys3.sdk\.sdk\launch_scripts\xilinx_c-c++_application_(system_debugger)\system_debugger_using_debug_test_ip.elf_on_local.tcl'
20:47:04 INFO  : Disconnected from the channel tcfchan#1.
20:47:05 INFO  : 'targets -set -filter {jtag_cable_name =~ "Digilent Basys3 210183AB4F1CA" && level==0} -index 0' command is executed.
20:47:05 INFO  : 'fpga -state' command is executed.
20:47:05 INFO  : Connected to target on host '127.0.0.1' and port '3121'.
20:47:06 INFO  : Jtag cable 'Digilent Basys3 210183AB4F1CA' is selected.
20:47:06 INFO  : 'jtag frequency' command is executed.
20:47:06 INFO  : 'configparams mdm-detect-bscan-mask 2' command is executed.
20:47:06 INFO  : Context for processor 'microblaze_0' is selected.
20:47:06 INFO  : Processor reset is completed for 'microblaze_0'.
20:47:06 INFO  : Context for processor 'microblaze_0' is selected.
20:47:06 INFO  : The application 'C:/Users/Louis/Desktop/SoC_TP_ENSEA/SoC_Basys3/SoC_Basys3.sdk/Test_IP/Debug/Test_IP.elf' is downloaded to processor 'microblaze_0'.
20:47:06 INFO  : ----------------XSDB Script----------------
connect -url tcp:127.0.0.1:3121
configparams mdm-detect-bscan-mask 2
targets -set -nocase -filter {name =~ "microblaze*#0" && bscan=="USER2"  && jtag_cable_name =~ "Digilent Basys3 210183AB4F1CA"} -index 0
rst -processor
targets -set -nocase -filter {name =~ "microblaze*#0" && bscan=="USER2"  && jtag_cable_name =~ "Digilent Basys3 210183AB4F1CA"} -index 0
dow C:/Users/Louis/Desktop/SoC_TP_ENSEA/SoC_Basys3/SoC_Basys3.sdk/Test_IP/Debug/Test_IP.elf
----------------End of Script----------------

20:47:06 INFO  : Memory regions updated for context PA
20:47:06 INFO  : Memory regions updated for context PA
20:47:06 INFO  : Context for processor 'microblaze_0' is selected.
20:47:06 INFO  : 'con' command is executed.
20:47:06 INFO  : ----------------XSDB Script (After Launch)----------------
targets -set -nocase -filter {name =~ "microblaze*#0" && bscan=="USER2"  && jtag_cable_name =~ "Digilent Basys3 210183AB4F1CA"} -index 0
con
----------------End of Script----------------

20:47:06 INFO  : Launch script is exported to file 'C:\Users\Louis\Desktop\SoC_TP_ENSEA\SoC_Basys3\SoC_Basys3.sdk\.sdk\launch_scripts\xilinx_c-c++_application_(system_debugger)\system_debugger_using_debug_test_ip.elf_on_local.tcl'
20:49:58 INFO  : Disconnected from the channel tcfchan#2.
09:42:56 INFO  : Registering command handlers for SDK TCF services
09:42:57 INFO  : Launching XSCT server: xsct.bat -interactive C:\Users\Louis\Desktop\SoC_TP_ENSEA\SoC_Basys3\SoC_Basys3.sdk\temp_xsdb_launch_script.tcl
09:43:03 INFO  : XSCT server has started successfully.
09:43:03 INFO  : Successfully done setting XSCT server connection channel  
09:43:04 INFO  : Successfully done setting SDK workspace  
09:43:04 INFO  : Processing command line option -hwspec C:/Users/Louis/Desktop/SoC_TP_ENSEA/SoC_Basys3/SoC_Basys3.sdk/design_1_wrapper.hdf.
09:43:04 INFO  : Checking for hwspec changes in the project design_1_wrapper_hw_platform_0.
09:54:33 INFO  : Connected to target on host '127.0.0.1' and port '3121'.
09:54:34 INFO  : 'targets -set -filter {jtag_cable_name =~ "Digilent Basys3 210183AB4F1CA" && level==0} -index 0' command is executed.
09:54:35 INFO  : FPGA configured successfully with bitstream "C:/Users/Louis/Desktop/SoC_TP_ENSEA/SoC_Basys3/SoC_Basys3.sdk/design_1_wrapper_hw_platform_0/download.bit"
09:54:41 INFO  : 'targets -set -filter {jtag_cable_name =~ "Digilent Basys3 210183AB4F1CA" && level==0} -index 0' command is executed.
09:54:41 INFO  : 'fpga -state' command is executed.
09:54:41 INFO  : Connected to target on host '127.0.0.1' and port '3121'.
09:54:41 INFO  : Jtag cable 'Digilent Basys3 210183AB4F1CA' is selected.
09:54:41 INFO  : 'jtag frequency' command is executed.
09:54:41 INFO  : 'configparams mdm-detect-bscan-mask 2' command is executed.
09:54:41 INFO  : Context for processor 'microblaze_0' is selected.
09:54:41 INFO  : Processor reset is completed for 'microblaze_0'.
09:54:41 INFO  : Context for processor 'microblaze_0' is selected.
09:54:41 INFO  : The application 'C:/Users/Louis/Desktop/SoC_TP_ENSEA/SoC_Basys3/SoC_Basys3.sdk/Test_IP/Debug/Test_IP.elf' is downloaded to processor 'microblaze_0'.
09:54:41 INFO  : ----------------XSDB Script----------------
connect -url tcp:127.0.0.1:3121
configparams mdm-detect-bscan-mask 2
targets -set -nocase -filter {name =~ "microblaze*#0" && bscan=="USER2"  && jtag_cable_name =~ "Digilent Basys3 210183AB4F1CA"} -index 0
rst -processor
targets -set -nocase -filter {name =~ "microblaze*#0" && bscan=="USER2"  && jtag_cable_name =~ "Digilent Basys3 210183AB4F1CA"} -index 0
dow C:/Users/Louis/Desktop/SoC_TP_ENSEA/SoC_Basys3/SoC_Basys3.sdk/Test_IP/Debug/Test_IP.elf
----------------End of Script----------------

09:54:41 INFO  : Memory regions updated for context PA
09:54:41 INFO  : Memory regions updated for context PA
09:54:42 INFO  : Context for processor 'microblaze_0' is selected.
09:54:42 INFO  : 'con' command is executed.
09:54:42 INFO  : ----------------XSDB Script (After Launch)----------------
targets -set -nocase -filter {name =~ "microblaze*#0" && bscan=="USER2"  && jtag_cable_name =~ "Digilent Basys3 210183AB4F1CA"} -index 0
con
----------------End of Script----------------

09:54:42 INFO  : Launch script is exported to file 'C:\Users\Louis\Desktop\SoC_TP_ENSEA\SoC_Basys3\SoC_Basys3.sdk\.sdk\launch_scripts\xilinx_c-c++_application_(system_debugger)\system_debugger_using_debug_test_ip.elf_on_local.tcl'
10:36:26 INFO  : Disconnected from the channel tcfchan#1.
10:36:27 INFO  : 'targets -set -filter {jtag_cable_name =~ "Digilent Basys3 210183AB4F1CA" && level==0} -index 0' command is executed.
10:36:27 INFO  : 'fpga -state' command is executed.
10:36:27 INFO  : Connected to target on host '127.0.0.1' and port '3121'.
10:36:27 INFO  : Jtag cable 'Digilent Basys3 210183AB4F1CA' is selected.
10:36:27 INFO  : 'jtag frequency' command is executed.
10:36:27 INFO  : 'configparams mdm-detect-bscan-mask 2' command is executed.
10:36:27 INFO  : Context for processor 'microblaze_0' is selected.
10:36:27 INFO  : Processor reset is completed for 'microblaze_0'.
10:36:27 INFO  : Context for processor 'microblaze_0' is selected.
10:36:27 INFO  : The application 'C:/Users/Louis/Desktop/SoC_TP_ENSEA/SoC_Basys3/SoC_Basys3.sdk/Test_IP/Debug/Test_IP.elf' is downloaded to processor 'microblaze_0'.
10:36:27 INFO  : ----------------XSDB Script----------------
connect -url tcp:127.0.0.1:3121
configparams mdm-detect-bscan-mask 2
targets -set -nocase -filter {name =~ "microblaze*#0" && bscan=="USER2"  && jtag_cable_name =~ "Digilent Basys3 210183AB4F1CA"} -index 0
rst -processor
targets -set -nocase -filter {name =~ "microblaze*#0" && bscan=="USER2"  && jtag_cable_name =~ "Digilent Basys3 210183AB4F1CA"} -index 0
dow C:/Users/Louis/Desktop/SoC_TP_ENSEA/SoC_Basys3/SoC_Basys3.sdk/Test_IP/Debug/Test_IP.elf
----------------End of Script----------------

10:36:27 INFO  : Memory regions updated for context PA
10:36:27 INFO  : Memory regions updated for context PA
10:36:27 INFO  : Context for processor 'microblaze_0' is selected.
10:36:27 INFO  : 'con' command is executed.
10:36:27 INFO  : ----------------XSDB Script (After Launch)----------------
targets -set -nocase -filter {name =~ "microblaze*#0" && bscan=="USER2"  && jtag_cable_name =~ "Digilent Basys3 210183AB4F1CA"} -index 0
con
----------------End of Script----------------

10:36:27 INFO  : Launch script is exported to file 'C:\Users\Louis\Desktop\SoC_TP_ENSEA\SoC_Basys3\SoC_Basys3.sdk\.sdk\launch_scripts\xilinx_c-c++_application_(system_debugger)\system_debugger_using_debug_test_ip.elf_on_local.tcl'
10:37:15 INFO  : Disconnected from the channel tcfchan#2.
10:37:16 INFO  : 'targets -set -filter {jtag_cable_name =~ "Digilent Basys3 210183AB4F1CA" && level==0} -index 0' command is executed.
10:37:16 INFO  : 'fpga -state' command is executed.
10:37:16 INFO  : Connected to target on host '127.0.0.1' and port '3121'.
10:37:16 INFO  : Jtag cable 'Digilent Basys3 210183AB4F1CA' is selected.
10:37:16 INFO  : 'jtag frequency' command is executed.
10:37:16 INFO  : 'configparams mdm-detect-bscan-mask 2' command is executed.
10:37:16 INFO  : Context for processor 'microblaze_0' is selected.
10:37:16 INFO  : Processor reset is completed for 'microblaze_0'.
10:37:16 INFO  : Context for processor 'microblaze_0' is selected.
10:37:16 INFO  : The application 'C:/Users/Louis/Desktop/SoC_TP_ENSEA/SoC_Basys3/SoC_Basys3.sdk/Test_IP/Debug/Test_IP.elf' is downloaded to processor 'microblaze_0'.
10:37:16 INFO  : ----------------XSDB Script----------------
connect -url tcp:127.0.0.1:3121
configparams mdm-detect-bscan-mask 2
targets -set -nocase -filter {name =~ "microblaze*#0" && bscan=="USER2"  && jtag_cable_name =~ "Digilent Basys3 210183AB4F1CA"} -index 0
rst -processor
targets -set -nocase -filter {name =~ "microblaze*#0" && bscan=="USER2"  && jtag_cable_name =~ "Digilent Basys3 210183AB4F1CA"} -index 0
dow C:/Users/Louis/Desktop/SoC_TP_ENSEA/SoC_Basys3/SoC_Basys3.sdk/Test_IP/Debug/Test_IP.elf
----------------End of Script----------------

10:37:17 INFO  : Memory regions updated for context PA
10:37:17 INFO  : Memory regions updated for context PA
10:37:17 INFO  : Context for processor 'microblaze_0' is selected.
10:37:17 INFO  : 'con' command is executed.
10:37:17 INFO  : ----------------XSDB Script (After Launch)----------------
targets -set -nocase -filter {name =~ "microblaze*#0" && bscan=="USER2"  && jtag_cable_name =~ "Digilent Basys3 210183AB4F1CA"} -index 0
con
----------------End of Script----------------

10:37:17 INFO  : Launch script is exported to file 'C:\Users\Louis\Desktop\SoC_TP_ENSEA\SoC_Basys3\SoC_Basys3.sdk\.sdk\launch_scripts\xilinx_c-c++_application_(system_debugger)\system_debugger_using_debug_test_ip.elf_on_local.tcl'
10:38:40 INFO  : Disconnected from the channel tcfchan#3.
10:38:41 INFO  : 'targets -set -filter {jtag_cable_name =~ "Digilent Basys3 210183AB4F1CA" && level==0} -index 0' command is executed.
10:38:41 INFO  : 'fpga -state' command is executed.
10:38:41 INFO  : Connected to target on host '127.0.0.1' and port '3121'.
10:38:41 INFO  : Jtag cable 'Digilent Basys3 210183AB4F1CA' is selected.
10:38:41 INFO  : 'jtag frequency' command is executed.
10:38:41 INFO  : 'configparams mdm-detect-bscan-mask 2' command is executed.
10:38:42 INFO  : Context for processor 'microblaze_0' is selected.
10:38:42 INFO  : Processor reset is completed for 'microblaze_0'.
10:38:42 INFO  : Context for processor 'microblaze_0' is selected.
10:38:42 INFO  : The application 'C:/Users/Louis/Desktop/SoC_TP_ENSEA/SoC_Basys3/SoC_Basys3.sdk/Test_IP/Debug/Test_IP.elf' is downloaded to processor 'microblaze_0'.
10:38:42 INFO  : ----------------XSDB Script----------------
connect -url tcp:127.0.0.1:3121
configparams mdm-detect-bscan-mask 2
targets -set -nocase -filter {name =~ "microblaze*#0" && bscan=="USER2"  && jtag_cable_name =~ "Digilent Basys3 210183AB4F1CA"} -index 0
rst -processor
targets -set -nocase -filter {name =~ "microblaze*#0" && bscan=="USER2"  && jtag_cable_name =~ "Digilent Basys3 210183AB4F1CA"} -index 0
dow C:/Users/Louis/Desktop/SoC_TP_ENSEA/SoC_Basys3/SoC_Basys3.sdk/Test_IP/Debug/Test_IP.elf
----------------End of Script----------------

10:38:42 INFO  : Memory regions updated for context PA
10:38:42 INFO  : Memory regions updated for context PA
10:38:42 INFO  : Context for processor 'microblaze_0' is selected.
10:38:42 INFO  : 'con' command is executed.
10:38:42 INFO  : ----------------XSDB Script (After Launch)----------------
targets -set -nocase -filter {name =~ "microblaze*#0" && bscan=="USER2"  && jtag_cable_name =~ "Digilent Basys3 210183AB4F1CA"} -index 0
con
----------------End of Script----------------

10:38:42 INFO  : Launch script is exported to file 'C:\Users\Louis\Desktop\SoC_TP_ENSEA\SoC_Basys3\SoC_Basys3.sdk\.sdk\launch_scripts\xilinx_c-c++_application_(system_debugger)\system_debugger_using_debug_test_ip.elf_on_local.tcl'
10:39:51 INFO  : Disconnected from the channel tcfchan#4.
10:39:53 INFO  : 'targets -set -filter {jtag_cable_name =~ "Digilent Basys3 210183AB4F1CA" && level==0} -index 0' command is executed.
10:39:53 INFO  : 'fpga -state' command is executed.
10:39:53 INFO  : Connected to target on host '127.0.0.1' and port '3121'.
10:39:53 INFO  : Jtag cable 'Digilent Basys3 210183AB4F1CA' is selected.
10:39:53 INFO  : 'jtag frequency' command is executed.
10:39:53 INFO  : 'configparams mdm-detect-bscan-mask 2' command is executed.
10:39:53 INFO  : Context for processor 'microblaze_0' is selected.
10:39:53 INFO  : Processor reset is completed for 'microblaze_0'.
10:39:53 INFO  : Context for processor 'microblaze_0' is selected.
10:39:53 INFO  : The application 'C:/Users/Louis/Desktop/SoC_TP_ENSEA/SoC_Basys3/SoC_Basys3.sdk/Test_IP/Debug/Test_IP.elf' is downloaded to processor 'microblaze_0'.
10:39:53 INFO  : ----------------XSDB Script----------------
connect -url tcp:127.0.0.1:3121
configparams mdm-detect-bscan-mask 2
targets -set -nocase -filter {name =~ "microblaze*#0" && bscan=="USER2"  && jtag_cable_name =~ "Digilent Basys3 210183AB4F1CA"} -index 0
rst -processor
targets -set -nocase -filter {name =~ "microblaze*#0" && bscan=="USER2"  && jtag_cable_name =~ "Digilent Basys3 210183AB4F1CA"} -index 0
dow C:/Users/Louis/Desktop/SoC_TP_ENSEA/SoC_Basys3/SoC_Basys3.sdk/Test_IP/Debug/Test_IP.elf
----------------End of Script----------------

10:39:53 INFO  : Memory regions updated for context PA
10:39:53 INFO  : Memory regions updated for context PA
10:39:53 INFO  : Context for processor 'microblaze_0' is selected.
10:39:53 INFO  : 'con' command is executed.
10:39:53 INFO  : ----------------XSDB Script (After Launch)----------------
targets -set -nocase -filter {name =~ "microblaze*#0" && bscan=="USER2"  && jtag_cable_name =~ "Digilent Basys3 210183AB4F1CA"} -index 0
con
----------------End of Script----------------

10:39:53 INFO  : Launch script is exported to file 'C:\Users\Louis\Desktop\SoC_TP_ENSEA\SoC_Basys3\SoC_Basys3.sdk\.sdk\launch_scripts\xilinx_c-c++_application_(system_debugger)\system_debugger_using_debug_test_ip.elf_on_local.tcl'
11:07:35 INFO  : Disconnected from the channel tcfchan#5.
11:07:36 INFO  : 'targets -set -filter {jtag_cable_name =~ "Digilent Basys3 210183AB4F1CA" && level==0} -index 0' command is executed.
11:07:36 INFO  : 'fpga -state' command is executed.
11:07:36 INFO  : Connected to target on host '127.0.0.1' and port '3121'.
11:07:36 INFO  : Jtag cable 'Digilent Basys3 210183AB4F1CA' is selected.
11:07:36 INFO  : 'jtag frequency' command is executed.
11:07:36 INFO  : 'configparams mdm-detect-bscan-mask 2' command is executed.
11:07:36 INFO  : Context for processor 'microblaze_0' is selected.
11:07:36 INFO  : Processor reset is completed for 'microblaze_0'.
11:07:36 INFO  : Context for processor 'microblaze_0' is selected.
11:07:36 INFO  : The application 'C:/Users/Louis/Desktop/SoC_TP_ENSEA/SoC_Basys3/SoC_Basys3.sdk/Test_IP/Debug/Test_IP.elf' is downloaded to processor 'microblaze_0'.
11:07:36 INFO  : ----------------XSDB Script----------------
connect -url tcp:127.0.0.1:3121
configparams mdm-detect-bscan-mask 2
targets -set -nocase -filter {name =~ "microblaze*#0" && bscan=="USER2"  && jtag_cable_name =~ "Digilent Basys3 210183AB4F1CA"} -index 0
rst -processor
targets -set -nocase -filter {name =~ "microblaze*#0" && bscan=="USER2"  && jtag_cable_name =~ "Digilent Basys3 210183AB4F1CA"} -index 0
dow C:/Users/Louis/Desktop/SoC_TP_ENSEA/SoC_Basys3/SoC_Basys3.sdk/Test_IP/Debug/Test_IP.elf
----------------End of Script----------------

11:07:37 INFO  : Memory regions updated for context PA
11:07:37 INFO  : Memory regions updated for context PA
11:07:37 INFO  : Context for processor 'microblaze_0' is selected.
11:07:37 INFO  : 'con' command is executed.
11:07:37 INFO  : ----------------XSDB Script (After Launch)----------------
targets -set -nocase -filter {name =~ "microblaze*#0" && bscan=="USER2"  && jtag_cable_name =~ "Digilent Basys3 210183AB4F1CA"} -index 0
con
----------------End of Script----------------

11:07:37 INFO  : Launch script is exported to file 'C:\Users\Louis\Desktop\SoC_TP_ENSEA\SoC_Basys3\SoC_Basys3.sdk\.sdk\launch_scripts\xilinx_c-c++_application_(system_debugger)\system_debugger_using_debug_test_ip.elf_on_local.tcl'
11:09:01 INFO  : Disconnected from the channel tcfchan#6.
11:09:03 INFO  : 'targets -set -filter {jtag_cable_name =~ "Digilent Basys3 210183AB4F1CA" && level==0} -index 0' command is executed.
11:09:03 INFO  : 'fpga -state' command is executed.
11:09:03 INFO  : Connected to target on host '127.0.0.1' and port '3121'.
11:09:03 INFO  : Jtag cable 'Digilent Basys3 210183AB4F1CA' is selected.
11:09:03 INFO  : 'jtag frequency' command is executed.
11:09:03 INFO  : 'configparams mdm-detect-bscan-mask 2' command is executed.
11:09:03 INFO  : Context for processor 'microblaze_0' is selected.
11:09:03 INFO  : Processor reset is completed for 'microblaze_0'.
11:09:03 INFO  : Context for processor 'microblaze_0' is selected.
11:09:03 INFO  : The application 'C:/Users/Louis/Desktop/SoC_TP_ENSEA/SoC_Basys3/SoC_Basys3.sdk/Test_IP/Debug/Test_IP.elf' is downloaded to processor 'microblaze_0'.
11:09:03 INFO  : ----------------XSDB Script----------------
connect -url tcp:127.0.0.1:3121
configparams mdm-detect-bscan-mask 2
targets -set -nocase -filter {name =~ "microblaze*#0" && bscan=="USER2"  && jtag_cable_name =~ "Digilent Basys3 210183AB4F1CA"} -index 0
rst -processor
targets -set -nocase -filter {name =~ "microblaze*#0" && bscan=="USER2"  && jtag_cable_name =~ "Digilent Basys3 210183AB4F1CA"} -index 0
dow C:/Users/Louis/Desktop/SoC_TP_ENSEA/SoC_Basys3/SoC_Basys3.sdk/Test_IP/Debug/Test_IP.elf
----------------End of Script----------------

11:09:03 INFO  : Memory regions updated for context PA
11:09:03 INFO  : Memory regions updated for context PA
11:09:03 INFO  : Context for processor 'microblaze_0' is selected.
11:09:03 INFO  : 'con' command is executed.
11:09:03 INFO  : ----------------XSDB Script (After Launch)----------------
targets -set -nocase -filter {name =~ "microblaze*#0" && bscan=="USER2"  && jtag_cable_name =~ "Digilent Basys3 210183AB4F1CA"} -index 0
con
----------------End of Script----------------

11:09:03 INFO  : Launch script is exported to file 'C:\Users\Louis\Desktop\SoC_TP_ENSEA\SoC_Basys3\SoC_Basys3.sdk\.sdk\launch_scripts\xilinx_c-c++_application_(system_debugger)\system_debugger_using_debug_test_ip.elf_on_local.tcl'
11:09:17 INFO  : Disconnected from the channel tcfchan#7.
11:09:18 INFO  : 'targets -set -filter {jtag_cable_name =~ "Digilent Basys3 210183AB4F1CA" && level==0} -index 0' command is executed.
11:09:18 INFO  : 'fpga -state' command is executed.
11:09:18 INFO  : Connected to target on host '127.0.0.1' and port '3121'.
11:09:18 INFO  : Jtag cable 'Digilent Basys3 210183AB4F1CA' is selected.
11:09:18 INFO  : 'jtag frequency' command is executed.
11:09:18 INFO  : 'configparams mdm-detect-bscan-mask 2' command is executed.
11:09:18 INFO  : Context for processor 'microblaze_0' is selected.
11:09:18 INFO  : Processor reset is completed for 'microblaze_0'.
11:09:18 INFO  : Context for processor 'microblaze_0' is selected.
11:09:18 INFO  : The application 'C:/Users/Louis/Desktop/SoC_TP_ENSEA/SoC_Basys3/SoC_Basys3.sdk/Test_IP/Debug/Test_IP.elf' is downloaded to processor 'microblaze_0'.
11:09:18 INFO  : ----------------XSDB Script----------------
connect -url tcp:127.0.0.1:3121
configparams mdm-detect-bscan-mask 2
targets -set -nocase -filter {name =~ "microblaze*#0" && bscan=="USER2"  && jtag_cable_name =~ "Digilent Basys3 210183AB4F1CA"} -index 0
rst -processor
targets -set -nocase -filter {name =~ "microblaze*#0" && bscan=="USER2"  && jtag_cable_name =~ "Digilent Basys3 210183AB4F1CA"} -index 0
dow C:/Users/Louis/Desktop/SoC_TP_ENSEA/SoC_Basys3/SoC_Basys3.sdk/Test_IP/Debug/Test_IP.elf
----------------End of Script----------------

11:09:18 INFO  : Memory regions updated for context PA
11:09:18 INFO  : Memory regions updated for context PA
11:09:18 INFO  : Context for processor 'microblaze_0' is selected.
11:09:18 INFO  : 'con' command is executed.
11:09:18 INFO  : ----------------XSDB Script (After Launch)----------------
targets -set -nocase -filter {name =~ "microblaze*#0" && bscan=="USER2"  && jtag_cable_name =~ "Digilent Basys3 210183AB4F1CA"} -index 0
con
----------------End of Script----------------

11:09:18 INFO  : Launch script is exported to file 'C:\Users\Louis\Desktop\SoC_TP_ENSEA\SoC_Basys3\SoC_Basys3.sdk\.sdk\launch_scripts\xilinx_c-c++_application_(system_debugger)\system_debugger_using_debug_test_ip.elf_on_local.tcl'
11:10:18 INFO  : Disconnected from the channel tcfchan#8.
11:10:19 INFO  : 'targets -set -filter {jtag_cable_name =~ "Digilent Basys3 210183AB4F1CA" && level==0} -index 0' command is executed.
11:10:19 INFO  : 'fpga -state' command is executed.
11:10:19 INFO  : Connected to target on host '127.0.0.1' and port '3121'.
11:10:20 INFO  : Jtag cable 'Digilent Basys3 210183AB4F1CA' is selected.
11:10:20 INFO  : 'jtag frequency' command is executed.
11:10:20 INFO  : 'configparams mdm-detect-bscan-mask 2' command is executed.
11:10:20 INFO  : Context for processor 'microblaze_0' is selected.
11:10:20 INFO  : Processor reset is completed for 'microblaze_0'.
11:10:20 INFO  : Context for processor 'microblaze_0' is selected.
11:10:20 INFO  : The application 'C:/Users/Louis/Desktop/SoC_TP_ENSEA/SoC_Basys3/SoC_Basys3.sdk/Test_IP/Debug/Test_IP.elf' is downloaded to processor 'microblaze_0'.
11:10:20 INFO  : ----------------XSDB Script----------------
connect -url tcp:127.0.0.1:3121
configparams mdm-detect-bscan-mask 2
targets -set -nocase -filter {name =~ "microblaze*#0" && bscan=="USER2"  && jtag_cable_name =~ "Digilent Basys3 210183AB4F1CA"} -index 0
rst -processor
targets -set -nocase -filter {name =~ "microblaze*#0" && bscan=="USER2"  && jtag_cable_name =~ "Digilent Basys3 210183AB4F1CA"} -index 0
dow C:/Users/Louis/Desktop/SoC_TP_ENSEA/SoC_Basys3/SoC_Basys3.sdk/Test_IP/Debug/Test_IP.elf
----------------End of Script----------------

11:10:20 INFO  : Memory regions updated for context PA
11:10:20 INFO  : Memory regions updated for context PA
11:10:20 INFO  : Context for processor 'microblaze_0' is selected.
11:10:20 INFO  : 'con' command is executed.
11:10:20 INFO  : ----------------XSDB Script (After Launch)----------------
targets -set -nocase -filter {name =~ "microblaze*#0" && bscan=="USER2"  && jtag_cable_name =~ "Digilent Basys3 210183AB4F1CA"} -index 0
con
----------------End of Script----------------

11:10:20 INFO  : Launch script is exported to file 'C:\Users\Louis\Desktop\SoC_TP_ENSEA\SoC_Basys3\SoC_Basys3.sdk\.sdk\launch_scripts\xilinx_c-c++_application_(system_debugger)\system_debugger_using_debug_test_ip.elf_on_local.tcl'
11:14:22 INFO  : Disconnected from the channel tcfchan#9.
11:14:24 INFO  : 'targets -set -filter {jtag_cable_name =~ "Digilent Basys3 210183AB4F1CA" && level==0} -index 0' command is executed.
11:14:24 INFO  : 'fpga -state' command is executed.
11:14:24 INFO  : Connected to target on host '127.0.0.1' and port '3121'.
11:14:24 INFO  : Jtag cable 'Digilent Basys3 210183AB4F1CA' is selected.
11:14:24 INFO  : 'jtag frequency' command is executed.
11:14:24 INFO  : 'configparams mdm-detect-bscan-mask 2' command is executed.
11:14:24 INFO  : Context for processor 'microblaze_0' is selected.
11:14:24 INFO  : Processor reset is completed for 'microblaze_0'.
11:14:24 INFO  : Context for processor 'microblaze_0' is selected.
11:14:24 INFO  : The application 'C:/Users/Louis/Desktop/SoC_TP_ENSEA/SoC_Basys3/SoC_Basys3.sdk/Test_IP/Debug/Test_IP.elf' is downloaded to processor 'microblaze_0'.
11:14:24 INFO  : ----------------XSDB Script----------------
connect -url tcp:127.0.0.1:3121
configparams mdm-detect-bscan-mask 2
targets -set -nocase -filter {name =~ "microblaze*#0" && bscan=="USER2"  && jtag_cable_name =~ "Digilent Basys3 210183AB4F1CA"} -index 0
rst -processor
targets -set -nocase -filter {name =~ "microblaze*#0" && bscan=="USER2"  && jtag_cable_name =~ "Digilent Basys3 210183AB4F1CA"} -index 0
dow C:/Users/Louis/Desktop/SoC_TP_ENSEA/SoC_Basys3/SoC_Basys3.sdk/Test_IP/Debug/Test_IP.elf
----------------End of Script----------------

11:14:24 INFO  : Memory regions updated for context PA
11:14:24 INFO  : Memory regions updated for context PA
11:14:24 INFO  : Context for processor 'microblaze_0' is selected.
11:14:24 INFO  : 'con' command is executed.
11:14:24 INFO  : ----------------XSDB Script (After Launch)----------------
targets -set -nocase -filter {name =~ "microblaze*#0" && bscan=="USER2"  && jtag_cable_name =~ "Digilent Basys3 210183AB4F1CA"} -index 0
con
----------------End of Script----------------

11:14:24 INFO  : Launch script is exported to file 'C:\Users\Louis\Desktop\SoC_TP_ENSEA\SoC_Basys3\SoC_Basys3.sdk\.sdk\launch_scripts\xilinx_c-c++_application_(system_debugger)\system_debugger_using_debug_test_ip.elf_on_local.tcl'
11:16:31 INFO  : Disconnected from the channel tcfchan#10.
11:16:32 INFO  : 'targets -set -filter {jtag_cable_name =~ "Digilent Basys3 210183AB4F1CA" && level==0} -index 0' command is executed.
11:16:32 INFO  : 'fpga -state' command is executed.
11:16:32 INFO  : Connected to target on host '127.0.0.1' and port '3121'.
11:16:33 INFO  : Jtag cable 'Digilent Basys3 210183AB4F1CA' is selected.
11:16:33 INFO  : 'jtag frequency' command is executed.
11:16:33 INFO  : 'configparams mdm-detect-bscan-mask 2' command is executed.
11:16:33 INFO  : Context for processor 'microblaze_0' is selected.
11:16:33 INFO  : Processor reset is completed for 'microblaze_0'.
11:16:33 INFO  : Context for processor 'microblaze_0' is selected.
11:16:33 INFO  : The application 'C:/Users/Louis/Desktop/SoC_TP_ENSEA/SoC_Basys3/SoC_Basys3.sdk/Test_IP/Debug/Test_IP.elf' is downloaded to processor 'microblaze_0'.
11:16:33 INFO  : ----------------XSDB Script----------------
connect -url tcp:127.0.0.1:3121
configparams mdm-detect-bscan-mask 2
targets -set -nocase -filter {name =~ "microblaze*#0" && bscan=="USER2"  && jtag_cable_name =~ "Digilent Basys3 210183AB4F1CA"} -index 0
rst -processor
targets -set -nocase -filter {name =~ "microblaze*#0" && bscan=="USER2"  && jtag_cable_name =~ "Digilent Basys3 210183AB4F1CA"} -index 0
dow C:/Users/Louis/Desktop/SoC_TP_ENSEA/SoC_Basys3/SoC_Basys3.sdk/Test_IP/Debug/Test_IP.elf
----------------End of Script----------------

11:16:33 INFO  : Memory regions updated for context PA
11:16:33 INFO  : Memory regions updated for context PA
11:16:33 INFO  : Context for processor 'microblaze_0' is selected.
11:16:33 INFO  : 'con' command is executed.
11:16:33 INFO  : ----------------XSDB Script (After Launch)----------------
targets -set -nocase -filter {name =~ "microblaze*#0" && bscan=="USER2"  && jtag_cable_name =~ "Digilent Basys3 210183AB4F1CA"} -index 0
con
----------------End of Script----------------

11:16:33 INFO  : Launch script is exported to file 'C:\Users\Louis\Desktop\SoC_TP_ENSEA\SoC_Basys3\SoC_Basys3.sdk\.sdk\launch_scripts\xilinx_c-c++_application_(system_debugger)\system_debugger_using_debug_test_ip.elf_on_local.tcl'
11:31:36 INFO  : Disconnected from the channel tcfchan#11.
11:31:38 INFO  : 'targets -set -filter {jtag_cable_name =~ "Digilent Basys3 210183AB4F1CA" && level==0} -index 0' command is executed.
11:31:38 INFO  : 'fpga -state' command is executed.
11:31:38 INFO  : Connected to target on host '127.0.0.1' and port '3121'.
11:31:38 INFO  : Jtag cable 'Digilent Basys3 210183AB4F1CA' is selected.
11:31:38 INFO  : 'jtag frequency' command is executed.
11:31:38 INFO  : 'configparams mdm-detect-bscan-mask 2' command is executed.
11:31:38 INFO  : Context for processor 'microblaze_0' is selected.
11:31:38 INFO  : Processor reset is completed for 'microblaze_0'.
11:31:38 INFO  : Context for processor 'microblaze_0' is selected.
11:31:38 INFO  : The application 'C:/Users/Louis/Desktop/SoC_TP_ENSEA/SoC_Basys3/SoC_Basys3.sdk/Test_IP/Debug/Test_IP.elf' is downloaded to processor 'microblaze_0'.
11:31:38 INFO  : ----------------XSDB Script----------------
connect -url tcp:127.0.0.1:3121
configparams mdm-detect-bscan-mask 2
targets -set -nocase -filter {name =~ "microblaze*#0" && bscan=="USER2"  && jtag_cable_name =~ "Digilent Basys3 210183AB4F1CA"} -index 0
rst -processor
targets -set -nocase -filter {name =~ "microblaze*#0" && bscan=="USER2"  && jtag_cable_name =~ "Digilent Basys3 210183AB4F1CA"} -index 0
dow C:/Users/Louis/Desktop/SoC_TP_ENSEA/SoC_Basys3/SoC_Basys3.sdk/Test_IP/Debug/Test_IP.elf
----------------End of Script----------------

11:31:38 INFO  : Memory regions updated for context PA
11:31:38 INFO  : Memory regions updated for context PA
11:31:38 INFO  : Context for processor 'microblaze_0' is selected.
11:31:38 INFO  : 'con' command is executed.
11:31:38 INFO  : ----------------XSDB Script (After Launch)----------------
targets -set -nocase -filter {name =~ "microblaze*#0" && bscan=="USER2"  && jtag_cable_name =~ "Digilent Basys3 210183AB4F1CA"} -index 0
con
----------------End of Script----------------

11:31:38 INFO  : Launch script is exported to file 'C:\Users\Louis\Desktop\SoC_TP_ENSEA\SoC_Basys3\SoC_Basys3.sdk\.sdk\launch_scripts\xilinx_c-c++_application_(system_debugger)\system_debugger_using_debug_test_ip.elf_on_local.tcl'
11:32:05 INFO  : Disconnected from the channel tcfchan#12.
11:32:06 INFO  : 'targets -set -filter {jtag_cable_name =~ "Digilent Basys3 210183AB4F1CA" && level==0} -index 0' command is executed.
11:32:06 INFO  : 'fpga -state' command is executed.
11:32:06 INFO  : Connected to target on host '127.0.0.1' and port '3121'.
11:32:06 INFO  : Jtag cable 'Digilent Basys3 210183AB4F1CA' is selected.
11:32:06 INFO  : 'jtag frequency' command is executed.
11:32:06 INFO  : 'configparams mdm-detect-bscan-mask 2' command is executed.
11:32:06 INFO  : Context for processor 'microblaze_0' is selected.
11:32:06 INFO  : Processor reset is completed for 'microblaze_0'.
11:32:06 INFO  : Context for processor 'microblaze_0' is selected.
11:32:06 INFO  : The application 'C:/Users/Louis/Desktop/SoC_TP_ENSEA/SoC_Basys3/SoC_Basys3.sdk/Test_SEG7/Debug/Test_SEG7.elf' is downloaded to processor 'microblaze_0'.
11:32:06 INFO  : ----------------XSDB Script----------------
connect -url tcp:127.0.0.1:3121
configparams mdm-detect-bscan-mask 2
targets -set -nocase -filter {name =~ "microblaze*#0" && bscan=="USER2"  && jtag_cable_name =~ "Digilent Basys3 210183AB4F1CA"} -index 0
rst -processor
targets -set -nocase -filter {name =~ "microblaze*#0" && bscan=="USER2"  && jtag_cable_name =~ "Digilent Basys3 210183AB4F1CA"} -index 0
dow C:/Users/Louis/Desktop/SoC_TP_ENSEA/SoC_Basys3/SoC_Basys3.sdk/Test_SEG7/Debug/Test_SEG7.elf
----------------End of Script----------------

11:32:06 INFO  : Memory regions updated for context PA
11:32:06 INFO  : Memory regions updated for context PA
11:32:06 INFO  : Context for processor 'microblaze_0' is selected.
11:32:06 INFO  : 'con' command is executed.
11:32:06 INFO  : ----------------XSDB Script (After Launch)----------------
targets -set -nocase -filter {name =~ "microblaze*#0" && bscan=="USER2"  && jtag_cable_name =~ "Digilent Basys3 210183AB4F1CA"} -index 0
con
----------------End of Script----------------

11:32:06 INFO  : Launch script is exported to file 'C:\Users\Louis\Desktop\SoC_TP_ENSEA\SoC_Basys3\SoC_Basys3.sdk\.sdk\launch_scripts\xilinx_c-c++_application_(system_debugger)\system_debugger_using_debug_test_seg7.elf_on_local.tcl'
11:32:24 INFO  : Disconnected from the channel tcfchan#13.
11:32:25 INFO  : 'targets -set -filter {jtag_cable_name =~ "Digilent Basys3 210183AB4F1CA" && level==0} -index 0' command is executed.
11:32:25 INFO  : 'fpga -state' command is executed.
11:32:25 INFO  : Connected to target on host '127.0.0.1' and port '3121'.
11:32:25 INFO  : Jtag cable 'Digilent Basys3 210183AB4F1CA' is selected.
11:32:25 INFO  : 'jtag frequency' command is executed.
11:32:25 INFO  : 'configparams mdm-detect-bscan-mask 2' command is executed.
11:32:25 INFO  : Context for processor 'microblaze_0' is selected.
11:32:25 INFO  : Processor reset is completed for 'microblaze_0'.
11:32:25 INFO  : Context for processor 'microblaze_0' is selected.
11:32:25 INFO  : The application 'C:/Users/Louis/Desktop/SoC_TP_ENSEA/SoC_Basys3/SoC_Basys3.sdk/Test_SEG7/Debug/Test_SEG7.elf' is downloaded to processor 'microblaze_0'.
11:32:25 INFO  : ----------------XSDB Script----------------
connect -url tcp:127.0.0.1:3121
configparams mdm-detect-bscan-mask 2
targets -set -nocase -filter {name =~ "microblaze*#0" && bscan=="USER2"  && jtag_cable_name =~ "Digilent Basys3 210183AB4F1CA"} -index 0
rst -processor
targets -set -nocase -filter {name =~ "microblaze*#0" && bscan=="USER2"  && jtag_cable_name =~ "Digilent Basys3 210183AB4F1CA"} -index 0
dow C:/Users/Louis/Desktop/SoC_TP_ENSEA/SoC_Basys3/SoC_Basys3.sdk/Test_SEG7/Debug/Test_SEG7.elf
----------------End of Script----------------

11:32:25 INFO  : Memory regions updated for context PA
11:32:25 INFO  : Memory regions updated for context PA
11:32:25 INFO  : Context for processor 'microblaze_0' is selected.
11:32:25 INFO  : 'con' command is executed.
11:32:25 INFO  : ----------------XSDB Script (After Launch)----------------
targets -set -nocase -filter {name =~ "microblaze*#0" && bscan=="USER2"  && jtag_cable_name =~ "Digilent Basys3 210183AB4F1CA"} -index 0
con
----------------End of Script----------------

11:32:25 INFO  : Launch script is exported to file 'C:\Users\Louis\Desktop\SoC_TP_ENSEA\SoC_Basys3\SoC_Basys3.sdk\.sdk\launch_scripts\xilinx_c-c++_application_(system_debugger)\system_debugger_using_debug_test_seg7.elf_on_local.tcl'
11:32:35 INFO  : Disconnected from the channel tcfchan#14.
11:32:36 INFO  : 'targets -set -filter {jtag_cable_name =~ "Digilent Basys3 210183AB4F1CA" && level==0} -index 0' command is executed.
11:32:36 INFO  : 'fpga -state' command is executed.
11:32:36 INFO  : Connected to target on host '127.0.0.1' and port '3121'.
11:32:36 INFO  : Jtag cable 'Digilent Basys3 210183AB4F1CA' is selected.
11:32:36 INFO  : 'jtag frequency' command is executed.
11:32:36 INFO  : 'configparams mdm-detect-bscan-mask 2' command is executed.
11:32:36 INFO  : Context for processor 'microblaze_0' is selected.
11:32:36 INFO  : Processor reset is completed for 'microblaze_0'.
11:32:36 INFO  : Context for processor 'microblaze_0' is selected.
11:32:36 INFO  : The application 'C:/Users/Louis/Desktop/SoC_TP_ENSEA/SoC_Basys3/SoC_Basys3.sdk/Test_SEG7/Debug/Test_SEG7.elf' is downloaded to processor 'microblaze_0'.
11:32:36 INFO  : ----------------XSDB Script----------------
connect -url tcp:127.0.0.1:3121
configparams mdm-detect-bscan-mask 2
targets -set -nocase -filter {name =~ "microblaze*#0" && bscan=="USER2"  && jtag_cable_name =~ "Digilent Basys3 210183AB4F1CA"} -index 0
rst -processor
targets -set -nocase -filter {name =~ "microblaze*#0" && bscan=="USER2"  && jtag_cable_name =~ "Digilent Basys3 210183AB4F1CA"} -index 0
dow C:/Users/Louis/Desktop/SoC_TP_ENSEA/SoC_Basys3/SoC_Basys3.sdk/Test_SEG7/Debug/Test_SEG7.elf
----------------End of Script----------------

11:32:37 INFO  : Memory regions updated for context PA
11:32:37 INFO  : Memory regions updated for context PA
11:32:37 INFO  : Context for processor 'microblaze_0' is selected.
11:32:37 INFO  : 'con' command is executed.
11:32:37 INFO  : ----------------XSDB Script (After Launch)----------------
targets -set -nocase -filter {name =~ "microblaze*#0" && bscan=="USER2"  && jtag_cable_name =~ "Digilent Basys3 210183AB4F1CA"} -index 0
con
----------------End of Script----------------

11:32:37 INFO  : Launch script is exported to file 'C:\Users\Louis\Desktop\SoC_TP_ENSEA\SoC_Basys3\SoC_Basys3.sdk\.sdk\launch_scripts\xilinx_c-c++_application_(system_debugger)\system_debugger_using_debug_test_seg7.elf_on_local.tcl'
11:33:26 INFO  : Disconnected from the channel tcfchan#15.
11:33:27 INFO  : 'targets -set -filter {jtag_cable_name =~ "Digilent Basys3 210183AB4F1CA" && level==0} -index 0' command is executed.
11:33:27 INFO  : 'fpga -state' command is executed.
11:33:27 INFO  : Connected to target on host '127.0.0.1' and port '3121'.
11:33:27 INFO  : Jtag cable 'Digilent Basys3 210183AB4F1CA' is selected.
11:33:27 INFO  : 'jtag frequency' command is executed.
11:33:27 INFO  : 'configparams mdm-detect-bscan-mask 2' command is executed.
11:33:27 INFO  : Context for processor 'microblaze_0' is selected.
11:33:28 INFO  : Processor reset is completed for 'microblaze_0'.
11:33:28 INFO  : Context for processor 'microblaze_0' is selected.
11:33:28 INFO  : The application 'C:/Users/Louis/Desktop/SoC_TP_ENSEA/SoC_Basys3/SoC_Basys3.sdk/Test_SEG7/Debug/Test_SEG7.elf' is downloaded to processor 'microblaze_0'.
11:33:28 INFO  : ----------------XSDB Script----------------
connect -url tcp:127.0.0.1:3121
configparams mdm-detect-bscan-mask 2
targets -set -nocase -filter {name =~ "microblaze*#0" && bscan=="USER2"  && jtag_cable_name =~ "Digilent Basys3 210183AB4F1CA"} -index 0
rst -processor
targets -set -nocase -filter {name =~ "microblaze*#0" && bscan=="USER2"  && jtag_cable_name =~ "Digilent Basys3 210183AB4F1CA"} -index 0
dow C:/Users/Louis/Desktop/SoC_TP_ENSEA/SoC_Basys3/SoC_Basys3.sdk/Test_SEG7/Debug/Test_SEG7.elf
----------------End of Script----------------

11:33:28 INFO  : Memory regions updated for context PA
11:33:28 INFO  : Memory regions updated for context PA
11:33:28 INFO  : Context for processor 'microblaze_0' is selected.
11:33:28 INFO  : 'con' command is executed.
11:33:28 INFO  : ----------------XSDB Script (After Launch)----------------
targets -set -nocase -filter {name =~ "microblaze*#0" && bscan=="USER2"  && jtag_cable_name =~ "Digilent Basys3 210183AB4F1CA"} -index 0
con
----------------End of Script----------------

11:33:28 INFO  : Launch script is exported to file 'C:\Users\Louis\Desktop\SoC_TP_ENSEA\SoC_Basys3\SoC_Basys3.sdk\.sdk\launch_scripts\xilinx_c-c++_application_(system_debugger)\system_debugger_using_debug_test_seg7.elf_on_local.tcl'
11:33:41 INFO  : Disconnected from the channel tcfchan#16.
11:33:43 INFO  : 'targets -set -filter {jtag_cable_name =~ "Digilent Basys3 210183AB4F1CA" && level==0} -index 0' command is executed.
11:33:43 INFO  : 'fpga -state' command is executed.
11:33:43 INFO  : Connected to target on host '127.0.0.1' and port '3121'.
11:33:43 INFO  : Jtag cable 'Digilent Basys3 210183AB4F1CA' is selected.
11:33:43 INFO  : 'jtag frequency' command is executed.
11:33:43 INFO  : 'configparams mdm-detect-bscan-mask 2' command is executed.
11:33:43 INFO  : Context for processor 'microblaze_0' is selected.
11:33:43 INFO  : Processor reset is completed for 'microblaze_0'.
11:33:43 INFO  : Context for processor 'microblaze_0' is selected.
11:33:43 INFO  : The application 'C:/Users/Louis/Desktop/SoC_TP_ENSEA/SoC_Basys3/SoC_Basys3.sdk/Test_SEG7/Debug/Test_SEG7.elf' is downloaded to processor 'microblaze_0'.
11:33:43 INFO  : ----------------XSDB Script----------------
connect -url tcp:127.0.0.1:3121
configparams mdm-detect-bscan-mask 2
targets -set -nocase -filter {name =~ "microblaze*#0" && bscan=="USER2"  && jtag_cable_name =~ "Digilent Basys3 210183AB4F1CA"} -index 0
rst -processor
targets -set -nocase -filter {name =~ "microblaze*#0" && bscan=="USER2"  && jtag_cable_name =~ "Digilent Basys3 210183AB4F1CA"} -index 0
dow C:/Users/Louis/Desktop/SoC_TP_ENSEA/SoC_Basys3/SoC_Basys3.sdk/Test_SEG7/Debug/Test_SEG7.elf
----------------End of Script----------------

11:33:43 INFO  : Memory regions updated for context PA
11:33:43 INFO  : Memory regions updated for context PA
11:33:43 INFO  : Context for processor 'microblaze_0' is selected.
11:33:43 INFO  : 'con' command is executed.
11:33:43 INFO  : ----------------XSDB Script (After Launch)----------------
targets -set -nocase -filter {name =~ "microblaze*#0" && bscan=="USER2"  && jtag_cable_name =~ "Digilent Basys3 210183AB4F1CA"} -index 0
con
----------------End of Script----------------

11:33:43 INFO  : Launch script is exported to file 'C:\Users\Louis\Desktop\SoC_TP_ENSEA\SoC_Basys3\SoC_Basys3.sdk\.sdk\launch_scripts\xilinx_c-c++_application_(system_debugger)\system_debugger_using_debug_test_seg7.elf_on_local.tcl'
11:42:46 INFO  : Disconnected from the channel tcfchan#17.
11:42:47 INFO  : 'targets -set -filter {jtag_cable_name =~ "Digilent Basys3 210183AB4F1CA" && level==0} -index 0' command is executed.
11:42:47 INFO  : 'fpga -state' command is executed.
11:42:47 INFO  : Connected to target on host '127.0.0.1' and port '3121'.
11:42:47 INFO  : Jtag cable 'Digilent Basys3 210183AB4F1CA' is selected.
11:42:47 INFO  : 'jtag frequency' command is executed.
11:42:47 INFO  : 'configparams mdm-detect-bscan-mask 2' command is executed.
11:42:47 INFO  : Context for processor 'microblaze_0' is selected.
11:42:48 INFO  : Processor reset is completed for 'microblaze_0'.
11:42:48 INFO  : Context for processor 'microblaze_0' is selected.
11:42:48 INFO  : The application 'C:/Users/Louis/Desktop/SoC_TP_ENSEA/SoC_Basys3/SoC_Basys3.sdk/Animer_hello/Debug/Animer_hello.elf' is downloaded to processor 'microblaze_0'.
11:42:48 INFO  : ----------------XSDB Script----------------
connect -url tcp:127.0.0.1:3121
configparams mdm-detect-bscan-mask 2
targets -set -nocase -filter {name =~ "microblaze*#0" && bscan=="USER2"  && jtag_cable_name =~ "Digilent Basys3 210183AB4F1CA"} -index 0
rst -processor
targets -set -nocase -filter {name =~ "microblaze*#0" && bscan=="USER2"  && jtag_cable_name =~ "Digilent Basys3 210183AB4F1CA"} -index 0
dow C:/Users/Louis/Desktop/SoC_TP_ENSEA/SoC_Basys3/SoC_Basys3.sdk/Animer_hello/Debug/Animer_hello.elf
----------------End of Script----------------

11:42:48 INFO  : Memory regions updated for context PA
11:42:48 INFO  : Memory regions updated for context PA
11:42:48 INFO  : Context for processor 'microblaze_0' is selected.
11:42:48 INFO  : 'con' command is executed.
11:42:48 INFO  : ----------------XSDB Script (After Launch)----------------
targets -set -nocase -filter {name =~ "microblaze*#0" && bscan=="USER2"  && jtag_cable_name =~ "Digilent Basys3 210183AB4F1CA"} -index 0
con
----------------End of Script----------------

11:42:48 INFO  : Launch script is exported to file 'C:\Users\Louis\Desktop\SoC_TP_ENSEA\SoC_Basys3\SoC_Basys3.sdk\.sdk\launch_scripts\xilinx_c-c++_application_(system_debugger)\system_debugger_using_debug_animer_hello.elf_on_local.tcl'
11:48:06 INFO  : Disconnected from the channel tcfchan#18.
11:48:08 INFO  : 'targets -set -filter {jtag_cable_name =~ "Digilent Basys3 210183AB4F1CA" && level==0} -index 0' command is executed.
11:48:08 INFO  : 'fpga -state' command is executed.
11:48:08 INFO  : Connected to target on host '127.0.0.1' and port '3121'.
11:48:08 INFO  : Jtag cable 'Digilent Basys3 210183AB4F1CA' is selected.
11:48:08 INFO  : 'jtag frequency' command is executed.
11:48:08 INFO  : 'configparams mdm-detect-bscan-mask 2' command is executed.
11:48:08 INFO  : Context for processor 'microblaze_0' is selected.
11:48:08 INFO  : Processor reset is completed for 'microblaze_0'.
11:48:08 INFO  : Context for processor 'microblaze_0' is selected.
11:48:08 INFO  : The application 'C:/Users/Louis/Desktop/SoC_TP_ENSEA/SoC_Basys3/SoC_Basys3.sdk/Animer_hello/Debug/Animer_hello.elf' is downloaded to processor 'microblaze_0'.
11:48:08 INFO  : ----------------XSDB Script----------------
connect -url tcp:127.0.0.1:3121
configparams mdm-detect-bscan-mask 2
targets -set -nocase -filter {name =~ "microblaze*#0" && bscan=="USER2"  && jtag_cable_name =~ "Digilent Basys3 210183AB4F1CA"} -index 0
rst -processor
targets -set -nocase -filter {name =~ "microblaze*#0" && bscan=="USER2"  && jtag_cable_name =~ "Digilent Basys3 210183AB4F1CA"} -index 0
dow C:/Users/Louis/Desktop/SoC_TP_ENSEA/SoC_Basys3/SoC_Basys3.sdk/Animer_hello/Debug/Animer_hello.elf
----------------End of Script----------------

11:48:08 INFO  : Memory regions updated for context PA
11:48:08 INFO  : Memory regions updated for context PA
11:48:08 INFO  : Context for processor 'microblaze_0' is selected.
11:48:08 INFO  : 'con' command is executed.
11:48:08 INFO  : ----------------XSDB Script (After Launch)----------------
targets -set -nocase -filter {name =~ "microblaze*#0" && bscan=="USER2"  && jtag_cable_name =~ "Digilent Basys3 210183AB4F1CA"} -index 0
con
----------------End of Script----------------

11:48:08 INFO  : Launch script is exported to file 'C:\Users\Louis\Desktop\SoC_TP_ENSEA\SoC_Basys3\SoC_Basys3.sdk\.sdk\launch_scripts\xilinx_c-c++_application_(system_debugger)\system_debugger_using_debug_animer_hello.elf_on_local.tcl'
11:50:09 INFO  : Disconnected from the channel tcfchan#19.
11:50:10 INFO  : 'targets -set -filter {jtag_cable_name =~ "Digilent Basys3 210183AB4F1CA" && level==0} -index 0' command is executed.
11:50:10 INFO  : 'fpga -state' command is executed.
11:50:10 INFO  : Connected to target on host '127.0.0.1' and port '3121'.
11:50:10 INFO  : Jtag cable 'Digilent Basys3 210183AB4F1CA' is selected.
11:50:10 INFO  : 'jtag frequency' command is executed.
11:50:10 INFO  : 'configparams mdm-detect-bscan-mask 2' command is executed.
11:50:10 INFO  : Context for processor 'microblaze_0' is selected.
11:50:10 INFO  : Processor reset is completed for 'microblaze_0'.
11:50:10 INFO  : Context for processor 'microblaze_0' is selected.
11:50:10 INFO  : The application 'C:/Users/Louis/Desktop/SoC_TP_ENSEA/SoC_Basys3/SoC_Basys3.sdk/Animer_hello/Debug/Animer_hello.elf' is downloaded to processor 'microblaze_0'.
11:50:10 INFO  : ----------------XSDB Script----------------
connect -url tcp:127.0.0.1:3121
configparams mdm-detect-bscan-mask 2
targets -set -nocase -filter {name =~ "microblaze*#0" && bscan=="USER2"  && jtag_cable_name =~ "Digilent Basys3 210183AB4F1CA"} -index 0
rst -processor
targets -set -nocase -filter {name =~ "microblaze*#0" && bscan=="USER2"  && jtag_cable_name =~ "Digilent Basys3 210183AB4F1CA"} -index 0
dow C:/Users/Louis/Desktop/SoC_TP_ENSEA/SoC_Basys3/SoC_Basys3.sdk/Animer_hello/Debug/Animer_hello.elf
----------------End of Script----------------

11:50:10 INFO  : Memory regions updated for context PA
11:50:10 INFO  : Memory regions updated for context PA
11:50:10 INFO  : Context for processor 'microblaze_0' is selected.
11:50:10 INFO  : 'con' command is executed.
11:50:10 INFO  : ----------------XSDB Script (After Launch)----------------
targets -set -nocase -filter {name =~ "microblaze*#0" && bscan=="USER2"  && jtag_cable_name =~ "Digilent Basys3 210183AB4F1CA"} -index 0
con
----------------End of Script----------------

11:50:10 INFO  : Launch script is exported to file 'C:\Users\Louis\Desktop\SoC_TP_ENSEA\SoC_Basys3\SoC_Basys3.sdk\.sdk\launch_scripts\xilinx_c-c++_application_(system_debugger)\system_debugger_using_debug_animer_hello.elf_on_local.tcl'
11:50:46 INFO  : Disconnected from the channel tcfchan#20.
11:50:47 INFO  : 'targets -set -filter {jtag_cable_name =~ "Digilent Basys3 210183AB4F1CA" && level==0} -index 0' command is executed.
11:50:47 INFO  : 'fpga -state' command is executed.
11:50:47 INFO  : Connected to target on host '127.0.0.1' and port '3121'.
11:50:47 INFO  : Jtag cable 'Digilent Basys3 210183AB4F1CA' is selected.
11:50:47 INFO  : 'jtag frequency' command is executed.
11:50:47 INFO  : 'configparams mdm-detect-bscan-mask 2' command is executed.
11:50:47 INFO  : Context for processor 'microblaze_0' is selected.
11:50:47 INFO  : Processor reset is completed for 'microblaze_0'.
11:50:47 INFO  : Context for processor 'microblaze_0' is selected.
11:50:47 INFO  : The application 'C:/Users/Louis/Desktop/SoC_TP_ENSEA/SoC_Basys3/SoC_Basys3.sdk/Animer_hello/Debug/Animer_hello.elf' is downloaded to processor 'microblaze_0'.
11:50:47 INFO  : ----------------XSDB Script----------------
connect -url tcp:127.0.0.1:3121
configparams mdm-detect-bscan-mask 2
targets -set -nocase -filter {name =~ "microblaze*#0" && bscan=="USER2"  && jtag_cable_name =~ "Digilent Basys3 210183AB4F1CA"} -index 0
rst -processor
targets -set -nocase -filter {name =~ "microblaze*#0" && bscan=="USER2"  && jtag_cable_name =~ "Digilent Basys3 210183AB4F1CA"} -index 0
dow C:/Users/Louis/Desktop/SoC_TP_ENSEA/SoC_Basys3/SoC_Basys3.sdk/Animer_hello/Debug/Animer_hello.elf
----------------End of Script----------------

11:50:47 INFO  : Memory regions updated for context PA
11:50:47 INFO  : Memory regions updated for context PA
11:50:48 INFO  : Context for processor 'microblaze_0' is selected.
11:50:48 INFO  : 'con' command is executed.
11:50:48 INFO  : ----------------XSDB Script (After Launch)----------------
targets -set -nocase -filter {name =~ "microblaze*#0" && bscan=="USER2"  && jtag_cable_name =~ "Digilent Basys3 210183AB4F1CA"} -index 0
con
----------------End of Script----------------

11:50:48 INFO  : Launch script is exported to file 'C:\Users\Louis\Desktop\SoC_TP_ENSEA\SoC_Basys3\SoC_Basys3.sdk\.sdk\launch_scripts\xilinx_c-c++_application_(system_debugger)\system_debugger_using_debug_animer_hello.elf_on_local.tcl'
11:51:23 INFO  : Disconnected from the channel tcfchan#21.
11:51:24 INFO  : 'targets -set -filter {jtag_cable_name =~ "Digilent Basys3 210183AB4F1CA" && level==0} -index 0' command is executed.
11:51:24 INFO  : 'fpga -state' command is executed.
11:51:24 INFO  : Connected to target on host '127.0.0.1' and port '3121'.
11:51:24 INFO  : Jtag cable 'Digilent Basys3 210183AB4F1CA' is selected.
11:51:24 INFO  : 'jtag frequency' command is executed.
11:51:24 INFO  : 'configparams mdm-detect-bscan-mask 2' command is executed.
11:51:24 INFO  : Context for processor 'microblaze_0' is selected.
11:51:24 INFO  : Processor reset is completed for 'microblaze_0'.
11:51:24 INFO  : Context for processor 'microblaze_0' is selected.
11:51:24 INFO  : The application 'C:/Users/Louis/Desktop/SoC_TP_ENSEA/SoC_Basys3/SoC_Basys3.sdk/Animer_hello/Debug/Animer_hello.elf' is downloaded to processor 'microblaze_0'.
11:51:24 INFO  : ----------------XSDB Script----------------
connect -url tcp:127.0.0.1:3121
configparams mdm-detect-bscan-mask 2
targets -set -nocase -filter {name =~ "microblaze*#0" && bscan=="USER2"  && jtag_cable_name =~ "Digilent Basys3 210183AB4F1CA"} -index 0
rst -processor
targets -set -nocase -filter {name =~ "microblaze*#0" && bscan=="USER2"  && jtag_cable_name =~ "Digilent Basys3 210183AB4F1CA"} -index 0
dow C:/Users/Louis/Desktop/SoC_TP_ENSEA/SoC_Basys3/SoC_Basys3.sdk/Animer_hello/Debug/Animer_hello.elf
----------------End of Script----------------

11:51:24 INFO  : Memory regions updated for context PA
11:51:24 INFO  : Memory regions updated for context PA
11:51:24 INFO  : Context for processor 'microblaze_0' is selected.
11:51:24 INFO  : 'con' command is executed.
11:51:24 INFO  : ----------------XSDB Script (After Launch)----------------
targets -set -nocase -filter {name =~ "microblaze*#0" && bscan=="USER2"  && jtag_cable_name =~ "Digilent Basys3 210183AB4F1CA"} -index 0
con
----------------End of Script----------------

11:51:24 INFO  : Launch script is exported to file 'C:\Users\Louis\Desktop\SoC_TP_ENSEA\SoC_Basys3\SoC_Basys3.sdk\.sdk\launch_scripts\xilinx_c-c++_application_(system_debugger)\system_debugger_using_debug_animer_hello.elf_on_local.tcl'
11:58:39 INFO  : Disconnected from the channel tcfchan#22.
11:58:41 INFO  : 'targets -set -filter {jtag_cable_name =~ "Digilent Basys3 210183AB4F1CA" && level==0} -index 0' command is executed.
11:58:41 INFO  : 'fpga -state' command is executed.
11:58:41 INFO  : Connected to target on host '127.0.0.1' and port '3121'.
11:58:41 INFO  : Jtag cable 'Digilent Basys3 210183AB4F1CA' is selected.
11:58:41 INFO  : 'jtag frequency' command is executed.
11:58:41 INFO  : 'configparams mdm-detect-bscan-mask 2' command is executed.
11:58:41 INFO  : Context for processor 'microblaze_0' is selected.
11:58:41 INFO  : Processor reset is completed for 'microblaze_0'.
11:58:41 INFO  : Context for processor 'microblaze_0' is selected.
11:58:41 INFO  : The application 'C:/Users/Louis/Desktop/SoC_TP_ENSEA/SoC_Basys3/SoC_Basys3.sdk/Animer_hello/Debug/Animer_hello.elf' is downloaded to processor 'microblaze_0'.
11:58:41 INFO  : ----------------XSDB Script----------------
connect -url tcp:127.0.0.1:3121
configparams mdm-detect-bscan-mask 2
targets -set -nocase -filter {name =~ "microblaze*#0" && bscan=="USER2"  && jtag_cable_name =~ "Digilent Basys3 210183AB4F1CA"} -index 0
rst -processor
targets -set -nocase -filter {name =~ "microblaze*#0" && bscan=="USER2"  && jtag_cable_name =~ "Digilent Basys3 210183AB4F1CA"} -index 0
dow C:/Users/Louis/Desktop/SoC_TP_ENSEA/SoC_Basys3/SoC_Basys3.sdk/Animer_hello/Debug/Animer_hello.elf
----------------End of Script----------------

11:58:41 INFO  : Memory regions updated for context PA
11:58:41 INFO  : Memory regions updated for context PA
11:58:41 INFO  : Context for processor 'microblaze_0' is selected.
11:58:41 INFO  : 'con' command is executed.
11:58:41 INFO  : ----------------XSDB Script (After Launch)----------------
targets -set -nocase -filter {name =~ "microblaze*#0" && bscan=="USER2"  && jtag_cable_name =~ "Digilent Basys3 210183AB4F1CA"} -index 0
con
----------------End of Script----------------

11:58:41 INFO  : Launch script is exported to file 'C:\Users\Louis\Desktop\SoC_TP_ENSEA\SoC_Basys3\SoC_Basys3.sdk\.sdk\launch_scripts\xilinx_c-c++_application_(system_debugger)\system_debugger_using_debug_animer_hello.elf_on_local.tcl'
11:59:06 INFO  : Disconnected from the channel tcfchan#23.
11:59:07 INFO  : 'targets -set -filter {jtag_cable_name =~ "Digilent Basys3 210183AB4F1CA" && level==0} -index 0' command is executed.
11:59:07 INFO  : 'fpga -state' command is executed.
11:59:07 INFO  : Connected to target on host '127.0.0.1' and port '3121'.
11:59:07 INFO  : Jtag cable 'Digilent Basys3 210183AB4F1CA' is selected.
11:59:07 INFO  : 'jtag frequency' command is executed.
11:59:07 INFO  : 'configparams mdm-detect-bscan-mask 2' command is executed.
11:59:07 INFO  : Context for processor 'microblaze_0' is selected.
11:59:07 INFO  : Processor reset is completed for 'microblaze_0'.
11:59:07 INFO  : Context for processor 'microblaze_0' is selected.
11:59:07 INFO  : The application 'C:/Users/Louis/Desktop/SoC_TP_ENSEA/SoC_Basys3/SoC_Basys3.sdk/Animer_hello/Debug/Animer_hello.elf' is downloaded to processor 'microblaze_0'.
11:59:07 INFO  : ----------------XSDB Script----------------
connect -url tcp:127.0.0.1:3121
configparams mdm-detect-bscan-mask 2
targets -set -nocase -filter {name =~ "microblaze*#0" && bscan=="USER2"  && jtag_cable_name =~ "Digilent Basys3 210183AB4F1CA"} -index 0
rst -processor
targets -set -nocase -filter {name =~ "microblaze*#0" && bscan=="USER2"  && jtag_cable_name =~ "Digilent Basys3 210183AB4F1CA"} -index 0
dow C:/Users/Louis/Desktop/SoC_TP_ENSEA/SoC_Basys3/SoC_Basys3.sdk/Animer_hello/Debug/Animer_hello.elf
----------------End of Script----------------

11:59:07 INFO  : Memory regions updated for context PA
11:59:07 INFO  : Memory regions updated for context PA
11:59:07 INFO  : Context for processor 'microblaze_0' is selected.
11:59:07 INFO  : 'con' command is executed.
11:59:07 INFO  : ----------------XSDB Script (After Launch)----------------
targets -set -nocase -filter {name =~ "microblaze*#0" && bscan=="USER2"  && jtag_cable_name =~ "Digilent Basys3 210183AB4F1CA"} -index 0
con
----------------End of Script----------------

11:59:07 INFO  : Launch script is exported to file 'C:\Users\Louis\Desktop\SoC_TP_ENSEA\SoC_Basys3\SoC_Basys3.sdk\.sdk\launch_scripts\xilinx_c-c++_application_(system_debugger)\system_debugger_using_debug_animer_hello.elf_on_local.tcl'
11:59:31 INFO  : Disconnected from the channel tcfchan#24.
11:59:32 INFO  : 'targets -set -filter {jtag_cable_name =~ "Digilent Basys3 210183AB4F1CA" && level==0} -index 0' command is executed.
11:59:32 INFO  : 'fpga -state' command is executed.
11:59:32 INFO  : Connected to target on host '127.0.0.1' and port '3121'.
11:59:32 INFO  : Jtag cable 'Digilent Basys3 210183AB4F1CA' is selected.
11:59:32 INFO  : 'jtag frequency' command is executed.
11:59:32 INFO  : 'configparams mdm-detect-bscan-mask 2' command is executed.
11:59:32 INFO  : Context for processor 'microblaze_0' is selected.
11:59:32 INFO  : Processor reset is completed for 'microblaze_0'.
11:59:32 INFO  : Context for processor 'microblaze_0' is selected.
11:59:32 INFO  : The application 'C:/Users/Louis/Desktop/SoC_TP_ENSEA/SoC_Basys3/SoC_Basys3.sdk/Animer_hello/Debug/Animer_hello.elf' is downloaded to processor 'microblaze_0'.
11:59:32 INFO  : ----------------XSDB Script----------------
connect -url tcp:127.0.0.1:3121
configparams mdm-detect-bscan-mask 2
targets -set -nocase -filter {name =~ "microblaze*#0" && bscan=="USER2"  && jtag_cable_name =~ "Digilent Basys3 210183AB4F1CA"} -index 0
rst -processor
targets -set -nocase -filter {name =~ "microblaze*#0" && bscan=="USER2"  && jtag_cable_name =~ "Digilent Basys3 210183AB4F1CA"} -index 0
dow C:/Users/Louis/Desktop/SoC_TP_ENSEA/SoC_Basys3/SoC_Basys3.sdk/Animer_hello/Debug/Animer_hello.elf
----------------End of Script----------------

11:59:32 INFO  : Memory regions updated for context PA
11:59:32 INFO  : Memory regions updated for context PA
11:59:32 INFO  : Context for processor 'microblaze_0' is selected.
11:59:32 INFO  : 'con' command is executed.
11:59:32 INFO  : ----------------XSDB Script (After Launch)----------------
targets -set -nocase -filter {name =~ "microblaze*#0" && bscan=="USER2"  && jtag_cable_name =~ "Digilent Basys3 210183AB4F1CA"} -index 0
con
----------------End of Script----------------

11:59:32 INFO  : Launch script is exported to file 'C:\Users\Louis\Desktop\SoC_TP_ENSEA\SoC_Basys3\SoC_Basys3.sdk\.sdk\launch_scripts\xilinx_c-c++_application_(system_debugger)\system_debugger_using_debug_animer_hello.elf_on_local.tcl'
12:02:32 INFO  : Disconnected from the channel tcfchan#25.
12:02:33 INFO  : 'targets -set -filter {jtag_cable_name =~ "Digilent Basys3 210183AB4F1CA" && level==0} -index 0' command is executed.
12:02:33 INFO  : 'fpga -state' command is executed.
12:02:33 INFO  : Connected to target on host '127.0.0.1' and port '3121'.
12:02:33 INFO  : Jtag cable 'Digilent Basys3 210183AB4F1CA' is selected.
12:02:33 INFO  : 'jtag frequency' command is executed.
12:02:33 INFO  : 'configparams mdm-detect-bscan-mask 2' command is executed.
12:02:33 INFO  : Context for processor 'microblaze_0' is selected.
12:02:33 INFO  : Processor reset is completed for 'microblaze_0'.
12:02:33 INFO  : Context for processor 'microblaze_0' is selected.
12:02:33 INFO  : The application 'C:/Users/Louis/Desktop/SoC_TP_ENSEA/SoC_Basys3/SoC_Basys3.sdk/Animer_hello/Debug/Animer_hello.elf' is downloaded to processor 'microblaze_0'.
12:02:33 INFO  : ----------------XSDB Script----------------
connect -url tcp:127.0.0.1:3121
configparams mdm-detect-bscan-mask 2
targets -set -nocase -filter {name =~ "microblaze*#0" && bscan=="USER2"  && jtag_cable_name =~ "Digilent Basys3 210183AB4F1CA"} -index 0
rst -processor
targets -set -nocase -filter {name =~ "microblaze*#0" && bscan=="USER2"  && jtag_cable_name =~ "Digilent Basys3 210183AB4F1CA"} -index 0
dow C:/Users/Louis/Desktop/SoC_TP_ENSEA/SoC_Basys3/SoC_Basys3.sdk/Animer_hello/Debug/Animer_hello.elf
----------------End of Script----------------

12:02:33 INFO  : Memory regions updated for context PA
12:02:33 INFO  : Memory regions updated for context PA
12:02:33 INFO  : Context for processor 'microblaze_0' is selected.
12:02:33 INFO  : 'con' command is executed.
12:02:33 INFO  : ----------------XSDB Script (After Launch)----------------
targets -set -nocase -filter {name =~ "microblaze*#0" && bscan=="USER2"  && jtag_cable_name =~ "Digilent Basys3 210183AB4F1CA"} -index 0
con
----------------End of Script----------------

12:02:33 INFO  : Launch script is exported to file 'C:\Users\Louis\Desktop\SoC_TP_ENSEA\SoC_Basys3\SoC_Basys3.sdk\.sdk\launch_scripts\xilinx_c-c++_application_(system_debugger)\system_debugger_using_debug_animer_hello.elf_on_local.tcl'
12:02:52 INFO  : Disconnected from the channel tcfchan#26.
12:02:53 INFO  : 'targets -set -filter {jtag_cable_name =~ "Digilent Basys3 210183AB4F1CA" && level==0} -index 0' command is executed.
12:02:53 INFO  : 'fpga -state' command is executed.
12:02:53 INFO  : Connected to target on host '127.0.0.1' and port '3121'.
12:02:54 INFO  : Jtag cable 'Digilent Basys3 210183AB4F1CA' is selected.
12:02:54 INFO  : 'jtag frequency' command is executed.
12:02:54 INFO  : 'configparams mdm-detect-bscan-mask 2' command is executed.
12:02:54 INFO  : Context for processor 'microblaze_0' is selected.
12:02:54 INFO  : Processor reset is completed for 'microblaze_0'.
12:02:54 INFO  : Context for processor 'microblaze_0' is selected.
12:02:54 INFO  : The application 'C:/Users/Louis/Desktop/SoC_TP_ENSEA/SoC_Basys3/SoC_Basys3.sdk/Animer_hello/Debug/Animer_hello.elf' is downloaded to processor 'microblaze_0'.
12:02:54 INFO  : ----------------XSDB Script----------------
connect -url tcp:127.0.0.1:3121
configparams mdm-detect-bscan-mask 2
targets -set -nocase -filter {name =~ "microblaze*#0" && bscan=="USER2"  && jtag_cable_name =~ "Digilent Basys3 210183AB4F1CA"} -index 0
rst -processor
targets -set -nocase -filter {name =~ "microblaze*#0" && bscan=="USER2"  && jtag_cable_name =~ "Digilent Basys3 210183AB4F1CA"} -index 0
dow C:/Users/Louis/Desktop/SoC_TP_ENSEA/SoC_Basys3/SoC_Basys3.sdk/Animer_hello/Debug/Animer_hello.elf
----------------End of Script----------------

12:02:54 INFO  : Memory regions updated for context PA
12:02:54 INFO  : Memory regions updated for context PA
12:02:54 INFO  : Context for processor 'microblaze_0' is selected.
12:02:54 INFO  : 'con' command is executed.
12:02:54 INFO  : ----------------XSDB Script (After Launch)----------------
targets -set -nocase -filter {name =~ "microblaze*#0" && bscan=="USER2"  && jtag_cable_name =~ "Digilent Basys3 210183AB4F1CA"} -index 0
con
----------------End of Script----------------

12:02:54 INFO  : Launch script is exported to file 'C:\Users\Louis\Desktop\SoC_TP_ENSEA\SoC_Basys3\SoC_Basys3.sdk\.sdk\launch_scripts\xilinx_c-c++_application_(system_debugger)\system_debugger_using_debug_animer_hello.elf_on_local.tcl'
12:06:14 INFO  : Disconnected from the channel tcfchan#27.
12:06:15 INFO  : 'targets -set -filter {jtag_cable_name =~ "Digilent Basys3 210183AB4F1CA" && level==0} -index 0' command is executed.
12:06:15 INFO  : 'fpga -state' command is executed.
12:06:15 INFO  : Connected to target on host '127.0.0.1' and port '3121'.
12:06:15 INFO  : Jtag cable 'Digilent Basys3 210183AB4F1CA' is selected.
12:06:15 INFO  : 'jtag frequency' command is executed.
12:06:15 INFO  : 'configparams mdm-detect-bscan-mask 2' command is executed.
12:06:15 INFO  : Context for processor 'microblaze_0' is selected.
12:06:15 INFO  : Processor reset is completed for 'microblaze_0'.
12:06:15 INFO  : Context for processor 'microblaze_0' is selected.
12:06:15 INFO  : The application 'C:/Users/Louis/Desktop/SoC_TP_ENSEA/SoC_Basys3/SoC_Basys3.sdk/Animer_hello/Debug/Animer_hello.elf' is downloaded to processor 'microblaze_0'.
12:06:15 INFO  : ----------------XSDB Script----------------
connect -url tcp:127.0.0.1:3121
configparams mdm-detect-bscan-mask 2
targets -set -nocase -filter {name =~ "microblaze*#0" && bscan=="USER2"  && jtag_cable_name =~ "Digilent Basys3 210183AB4F1CA"} -index 0
rst -processor
targets -set -nocase -filter {name =~ "microblaze*#0" && bscan=="USER2"  && jtag_cable_name =~ "Digilent Basys3 210183AB4F1CA"} -index 0
dow C:/Users/Louis/Desktop/SoC_TP_ENSEA/SoC_Basys3/SoC_Basys3.sdk/Animer_hello/Debug/Animer_hello.elf
----------------End of Script----------------

12:06:15 INFO  : Memory regions updated for context PA
12:06:15 INFO  : Memory regions updated for context PA
12:06:15 INFO  : Context for processor 'microblaze_0' is selected.
12:06:15 INFO  : 'con' command is executed.
12:06:15 INFO  : ----------------XSDB Script (After Launch)----------------
targets -set -nocase -filter {name =~ "microblaze*#0" && bscan=="USER2"  && jtag_cable_name =~ "Digilent Basys3 210183AB4F1CA"} -index 0
con
----------------End of Script----------------

12:06:15 INFO  : Launch script is exported to file 'C:\Users\Louis\Desktop\SoC_TP_ENSEA\SoC_Basys3\SoC_Basys3.sdk\.sdk\launch_scripts\xilinx_c-c++_application_(system_debugger)\system_debugger_using_debug_animer_hello.elf_on_local.tcl'
12:10:09 INFO  : Disconnected from the channel tcfchan#28.
12:10:10 INFO  : 'targets -set -filter {jtag_cable_name =~ "Digilent Basys3 210183AB4F1CA" && level==0} -index 0' command is executed.
12:10:10 INFO  : 'fpga -state' command is executed.
12:10:10 INFO  : Connected to target on host '127.0.0.1' and port '3121'.
12:10:10 INFO  : Jtag cable 'Digilent Basys3 210183AB4F1CA' is selected.
12:10:10 INFO  : 'jtag frequency' command is executed.
12:10:10 INFO  : 'configparams mdm-detect-bscan-mask 2' command is executed.
12:10:11 INFO  : Context for processor 'microblaze_0' is selected.
12:10:11 INFO  : Processor reset is completed for 'microblaze_0'.
12:10:11 INFO  : Context for processor 'microblaze_0' is selected.
12:10:11 INFO  : The application 'C:/Users/Louis/Desktop/SoC_TP_ENSEA/SoC_Basys3/SoC_Basys3.sdk/Animer_hello/Debug/Animer_hello.elf' is downloaded to processor 'microblaze_0'.
12:10:11 INFO  : ----------------XSDB Script----------------
connect -url tcp:127.0.0.1:3121
configparams mdm-detect-bscan-mask 2
targets -set -nocase -filter {name =~ "microblaze*#0" && bscan=="USER2"  && jtag_cable_name =~ "Digilent Basys3 210183AB4F1CA"} -index 0
rst -processor
targets -set -nocase -filter {name =~ "microblaze*#0" && bscan=="USER2"  && jtag_cable_name =~ "Digilent Basys3 210183AB4F1CA"} -index 0
dow C:/Users/Louis/Desktop/SoC_TP_ENSEA/SoC_Basys3/SoC_Basys3.sdk/Animer_hello/Debug/Animer_hello.elf
----------------End of Script----------------

12:10:11 INFO  : Memory regions updated for context PA
12:10:11 INFO  : Memory regions updated for context PA
12:10:11 INFO  : Context for processor 'microblaze_0' is selected.
12:10:11 INFO  : 'con' command is executed.
12:10:11 INFO  : ----------------XSDB Script (After Launch)----------------
targets -set -nocase -filter {name =~ "microblaze*#0" && bscan=="USER2"  && jtag_cable_name =~ "Digilent Basys3 210183AB4F1CA"} -index 0
con
----------------End of Script----------------

12:10:11 INFO  : Launch script is exported to file 'C:\Users\Louis\Desktop\SoC_TP_ENSEA\SoC_Basys3\SoC_Basys3.sdk\.sdk\launch_scripts\xilinx_c-c++_application_(system_debugger)\system_debugger_using_debug_animer_hello.elf_on_local.tcl'
12:10:33 INFO  : Disconnected from the channel tcfchan#29.
12:10:34 INFO  : 'targets -set -filter {jtag_cable_name =~ "Digilent Basys3 210183AB4F1CA" && level==0} -index 0' command is executed.
12:10:34 INFO  : 'fpga -state' command is executed.
12:10:34 INFO  : Connected to target on host '127.0.0.1' and port '3121'.
12:10:34 INFO  : Jtag cable 'Digilent Basys3 210183AB4F1CA' is selected.
12:10:34 INFO  : 'jtag frequency' command is executed.
12:10:34 INFO  : 'configparams mdm-detect-bscan-mask 2' command is executed.
12:10:34 INFO  : Context for processor 'microblaze_0' is selected.
12:10:34 INFO  : Processor reset is completed for 'microblaze_0'.
12:10:34 INFO  : Context for processor 'microblaze_0' is selected.
12:10:34 INFO  : The application 'C:/Users/Louis/Desktop/SoC_TP_ENSEA/SoC_Basys3/SoC_Basys3.sdk/Animer_hello/Debug/Animer_hello.elf' is downloaded to processor 'microblaze_0'.
12:10:34 INFO  : ----------------XSDB Script----------------
connect -url tcp:127.0.0.1:3121
configparams mdm-detect-bscan-mask 2
targets -set -nocase -filter {name =~ "microblaze*#0" && bscan=="USER2"  && jtag_cable_name =~ "Digilent Basys3 210183AB4F1CA"} -index 0
rst -processor
targets -set -nocase -filter {name =~ "microblaze*#0" && bscan=="USER2"  && jtag_cable_name =~ "Digilent Basys3 210183AB4F1CA"} -index 0
dow C:/Users/Louis/Desktop/SoC_TP_ENSEA/SoC_Basys3/SoC_Basys3.sdk/Animer_hello/Debug/Animer_hello.elf
----------------End of Script----------------

12:10:34 INFO  : Memory regions updated for context PA
12:10:34 INFO  : Memory regions updated for context PA
12:10:34 INFO  : Context for processor 'microblaze_0' is selected.
12:10:34 INFO  : 'con' command is executed.
12:10:34 INFO  : ----------------XSDB Script (After Launch)----------------
targets -set -nocase -filter {name =~ "microblaze*#0" && bscan=="USER2"  && jtag_cable_name =~ "Digilent Basys3 210183AB4F1CA"} -index 0
con
----------------End of Script----------------

12:10:34 INFO  : Launch script is exported to file 'C:\Users\Louis\Desktop\SoC_TP_ENSEA\SoC_Basys3\SoC_Basys3.sdk\.sdk\launch_scripts\xilinx_c-c++_application_(system_debugger)\system_debugger_using_debug_animer_hello.elf_on_local.tcl'
12:11:05 INFO  : Disconnected from the channel tcfchan#30.
12:11:06 INFO  : 'targets -set -filter {jtag_cable_name =~ "Digilent Basys3 210183AB4F1CA" && level==0} -index 0' command is executed.
12:11:06 INFO  : 'fpga -state' command is executed.
12:11:06 INFO  : Connected to target on host '127.0.0.1' and port '3121'.
12:11:06 INFO  : Jtag cable 'Digilent Basys3 210183AB4F1CA' is selected.
12:11:07 INFO  : 'jtag frequency' command is executed.
12:11:07 INFO  : 'configparams mdm-detect-bscan-mask 2' command is executed.
12:11:07 INFO  : Context for processor 'microblaze_0' is selected.
12:11:07 INFO  : Processor reset is completed for 'microblaze_0'.
12:11:07 INFO  : Context for processor 'microblaze_0' is selected.
12:11:07 INFO  : The application 'C:/Users/Louis/Desktop/SoC_TP_ENSEA/SoC_Basys3/SoC_Basys3.sdk/Animer_hello/Debug/Animer_hello.elf' is downloaded to processor 'microblaze_0'.
12:11:07 INFO  : ----------------XSDB Script----------------
connect -url tcp:127.0.0.1:3121
configparams mdm-detect-bscan-mask 2
targets -set -nocase -filter {name =~ "microblaze*#0" && bscan=="USER2"  && jtag_cable_name =~ "Digilent Basys3 210183AB4F1CA"} -index 0
rst -processor
targets -set -nocase -filter {name =~ "microblaze*#0" && bscan=="USER2"  && jtag_cable_name =~ "Digilent Basys3 210183AB4F1CA"} -index 0
dow C:/Users/Louis/Desktop/SoC_TP_ENSEA/SoC_Basys3/SoC_Basys3.sdk/Animer_hello/Debug/Animer_hello.elf
----------------End of Script----------------

12:11:07 INFO  : Memory regions updated for context PA
12:11:07 INFO  : Memory regions updated for context PA
12:11:07 INFO  : Context for processor 'microblaze_0' is selected.
12:11:07 INFO  : 'con' command is executed.
12:11:07 INFO  : ----------------XSDB Script (After Launch)----------------
targets -set -nocase -filter {name =~ "microblaze*#0" && bscan=="USER2"  && jtag_cable_name =~ "Digilent Basys3 210183AB4F1CA"} -index 0
con
----------------End of Script----------------

12:11:07 INFO  : Launch script is exported to file 'C:\Users\Louis\Desktop\SoC_TP_ENSEA\SoC_Basys3\SoC_Basys3.sdk\.sdk\launch_scripts\xilinx_c-c++_application_(system_debugger)\system_debugger_using_debug_animer_hello.elf_on_local.tcl'
12:11:40 INFO  : Disconnected from the channel tcfchan#31.
12:11:41 INFO  : 'targets -set -filter {jtag_cable_name =~ "Digilent Basys3 210183AB4F1CA" && level==0} -index 0' command is executed.
12:11:41 INFO  : 'fpga -state' command is executed.
12:11:41 INFO  : Connected to target on host '127.0.0.1' and port '3121'.
12:11:41 INFO  : Jtag cable 'Digilent Basys3 210183AB4F1CA' is selected.
12:11:41 INFO  : 'jtag frequency' command is executed.
12:11:41 INFO  : 'configparams mdm-detect-bscan-mask 2' command is executed.
12:11:41 INFO  : Context for processor 'microblaze_0' is selected.
12:11:41 INFO  : Processor reset is completed for 'microblaze_0'.
12:11:42 INFO  : Context for processor 'microblaze_0' is selected.
12:11:42 INFO  : The application 'C:/Users/Louis/Desktop/SoC_TP_ENSEA/SoC_Basys3/SoC_Basys3.sdk/Animer_hello/Debug/Animer_hello.elf' is downloaded to processor 'microblaze_0'.
12:11:42 INFO  : ----------------XSDB Script----------------
connect -url tcp:127.0.0.1:3121
configparams mdm-detect-bscan-mask 2
targets -set -nocase -filter {name =~ "microblaze*#0" && bscan=="USER2"  && jtag_cable_name =~ "Digilent Basys3 210183AB4F1CA"} -index 0
rst -processor
targets -set -nocase -filter {name =~ "microblaze*#0" && bscan=="USER2"  && jtag_cable_name =~ "Digilent Basys3 210183AB4F1CA"} -index 0
dow C:/Users/Louis/Desktop/SoC_TP_ENSEA/SoC_Basys3/SoC_Basys3.sdk/Animer_hello/Debug/Animer_hello.elf
----------------End of Script----------------

12:11:42 INFO  : Memory regions updated for context PA
12:11:42 INFO  : Memory regions updated for context PA
12:11:42 INFO  : Context for processor 'microblaze_0' is selected.
12:11:42 INFO  : 'con' command is executed.
12:11:42 INFO  : ----------------XSDB Script (After Launch)----------------
targets -set -nocase -filter {name =~ "microblaze*#0" && bscan=="USER2"  && jtag_cable_name =~ "Digilent Basys3 210183AB4F1CA"} -index 0
con
----------------End of Script----------------

12:11:42 INFO  : Launch script is exported to file 'C:\Users\Louis\Desktop\SoC_TP_ENSEA\SoC_Basys3\SoC_Basys3.sdk\.sdk\launch_scripts\xilinx_c-c++_application_(system_debugger)\system_debugger_using_debug_animer_hello.elf_on_local.tcl'
12:12:00 INFO  : Disconnected from the channel tcfchan#32.
12:12:01 INFO  : 'targets -set -filter {jtag_cable_name =~ "Digilent Basys3 210183AB4F1CA" && level==0} -index 0' command is executed.
12:12:01 INFO  : 'fpga -state' command is executed.
12:12:01 INFO  : Connected to target on host '127.0.0.1' and port '3121'.
12:12:02 INFO  : Jtag cable 'Digilent Basys3 210183AB4F1CA' is selected.
12:12:02 INFO  : 'jtag frequency' command is executed.
12:12:02 INFO  : 'configparams mdm-detect-bscan-mask 2' command is executed.
12:12:02 INFO  : Context for processor 'microblaze_0' is selected.
12:12:02 INFO  : Processor reset is completed for 'microblaze_0'.
12:12:02 INFO  : Context for processor 'microblaze_0' is selected.
12:12:02 INFO  : The application 'C:/Users/Louis/Desktop/SoC_TP_ENSEA/SoC_Basys3/SoC_Basys3.sdk/Animer_hello/Debug/Animer_hello.elf' is downloaded to processor 'microblaze_0'.
12:12:02 INFO  : ----------------XSDB Script----------------
connect -url tcp:127.0.0.1:3121
configparams mdm-detect-bscan-mask 2
targets -set -nocase -filter {name =~ "microblaze*#0" && bscan=="USER2"  && jtag_cable_name =~ "Digilent Basys3 210183AB4F1CA"} -index 0
rst -processor
targets -set -nocase -filter {name =~ "microblaze*#0" && bscan=="USER2"  && jtag_cable_name =~ "Digilent Basys3 210183AB4F1CA"} -index 0
dow C:/Users/Louis/Desktop/SoC_TP_ENSEA/SoC_Basys3/SoC_Basys3.sdk/Animer_hello/Debug/Animer_hello.elf
----------------End of Script----------------

12:12:02 INFO  : Memory regions updated for context PA
12:12:02 INFO  : Memory regions updated for context PA
12:12:02 INFO  : Context for processor 'microblaze_0' is selected.
12:12:02 INFO  : 'con' command is executed.
12:12:02 INFO  : ----------------XSDB Script (After Launch)----------------
targets -set -nocase -filter {name =~ "microblaze*#0" && bscan=="USER2"  && jtag_cable_name =~ "Digilent Basys3 210183AB4F1CA"} -index 0
con
----------------End of Script----------------

12:12:02 INFO  : Launch script is exported to file 'C:\Users\Louis\Desktop\SoC_TP_ENSEA\SoC_Basys3\SoC_Basys3.sdk\.sdk\launch_scripts\xilinx_c-c++_application_(system_debugger)\system_debugger_using_debug_animer_hello.elf_on_local.tcl'
12:18:22 INFO  : Disconnected from the channel tcfchan#33.
12:18:24 INFO  : 'targets -set -filter {jtag_cable_name =~ "Digilent Basys3 210183AB4F1CA" && level==0} -index 0' command is executed.
12:18:24 INFO  : 'fpga -state' command is executed.
12:18:24 INFO  : Connected to target on host '127.0.0.1' and port '3121'.
12:18:24 INFO  : Jtag cable 'Digilent Basys3 210183AB4F1CA' is selected.
12:18:24 INFO  : 'jtag frequency' command is executed.
12:18:24 INFO  : 'configparams mdm-detect-bscan-mask 2' command is executed.
12:18:24 INFO  : Context for processor 'microblaze_0' is selected.
12:18:24 INFO  : Processor reset is completed for 'microblaze_0'.
12:18:24 INFO  : Context for processor 'microblaze_0' is selected.
12:18:24 INFO  : The application 'C:/Users/Louis/Desktop/SoC_TP_ENSEA/SoC_Basys3/SoC_Basys3.sdk/Animer_hello/Debug/Animer_hello.elf' is downloaded to processor 'microblaze_0'.
12:18:24 INFO  : ----------------XSDB Script----------------
connect -url tcp:127.0.0.1:3121
configparams mdm-detect-bscan-mask 2
targets -set -nocase -filter {name =~ "microblaze*#0" && bscan=="USER2"  && jtag_cable_name =~ "Digilent Basys3 210183AB4F1CA"} -index 0
rst -processor
targets -set -nocase -filter {name =~ "microblaze*#0" && bscan=="USER2"  && jtag_cable_name =~ "Digilent Basys3 210183AB4F1CA"} -index 0
dow C:/Users/Louis/Desktop/SoC_TP_ENSEA/SoC_Basys3/SoC_Basys3.sdk/Animer_hello/Debug/Animer_hello.elf
----------------End of Script----------------

12:18:24 INFO  : Memory regions updated for context PA
12:18:24 INFO  : Memory regions updated for context PA
12:18:24 INFO  : Context for processor 'microblaze_0' is selected.
12:18:24 INFO  : 'con' command is executed.
12:18:24 INFO  : ----------------XSDB Script (After Launch)----------------
targets -set -nocase -filter {name =~ "microblaze*#0" && bscan=="USER2"  && jtag_cable_name =~ "Digilent Basys3 210183AB4F1CA"} -index 0
con
----------------End of Script----------------

12:18:24 INFO  : Launch script is exported to file 'C:\Users\Louis\Desktop\SoC_TP_ENSEA\SoC_Basys3\SoC_Basys3.sdk\.sdk\launch_scripts\xilinx_c-c++_application_(system_debugger)\system_debugger_using_debug_animer_hello.elf_on_local.tcl'
12:18:39 INFO  : Disconnected from the channel tcfchan#34.
12:18:40 INFO  : 'targets -set -filter {jtag_cable_name =~ "Digilent Basys3 210183AB4F1CA" && level==0} -index 0' command is executed.
12:18:40 INFO  : 'fpga -state' command is executed.
12:18:40 INFO  : Connected to target on host '127.0.0.1' and port '3121'.
12:18:40 INFO  : Jtag cable 'Digilent Basys3 210183AB4F1CA' is selected.
12:18:40 INFO  : 'jtag frequency' command is executed.
12:18:40 INFO  : 'configparams mdm-detect-bscan-mask 2' command is executed.
12:18:40 INFO  : Context for processor 'microblaze_0' is selected.
12:18:40 INFO  : Processor reset is completed for 'microblaze_0'.
12:18:40 INFO  : Context for processor 'microblaze_0' is selected.
12:18:40 INFO  : The application 'C:/Users/Louis/Desktop/SoC_TP_ENSEA/SoC_Basys3/SoC_Basys3.sdk/Animer_hello/Debug/Animer_hello.elf' is downloaded to processor 'microblaze_0'.
12:18:40 INFO  : ----------------XSDB Script----------------
connect -url tcp:127.0.0.1:3121
configparams mdm-detect-bscan-mask 2
targets -set -nocase -filter {name =~ "microblaze*#0" && bscan=="USER2"  && jtag_cable_name =~ "Digilent Basys3 210183AB4F1CA"} -index 0
rst -processor
targets -set -nocase -filter {name =~ "microblaze*#0" && bscan=="USER2"  && jtag_cable_name =~ "Digilent Basys3 210183AB4F1CA"} -index 0
dow C:/Users/Louis/Desktop/SoC_TP_ENSEA/SoC_Basys3/SoC_Basys3.sdk/Animer_hello/Debug/Animer_hello.elf
----------------End of Script----------------

12:18:40 INFO  : Memory regions updated for context PA
12:18:40 INFO  : Memory regions updated for context PA
12:18:40 INFO  : Context for processor 'microblaze_0' is selected.
12:18:40 INFO  : 'con' command is executed.
12:18:40 INFO  : ----------------XSDB Script (After Launch)----------------
targets -set -nocase -filter {name =~ "microblaze*#0" && bscan=="USER2"  && jtag_cable_name =~ "Digilent Basys3 210183AB4F1CA"} -index 0
con
----------------End of Script----------------

12:18:40 INFO  : Launch script is exported to file 'C:\Users\Louis\Desktop\SoC_TP_ENSEA\SoC_Basys3\SoC_Basys3.sdk\.sdk\launch_scripts\xilinx_c-c++_application_(system_debugger)\system_debugger_using_debug_animer_hello.elf_on_local.tcl'
12:21:20 INFO  : Disconnected from the channel tcfchan#35.
12:21:21 INFO  : 'targets -set -filter {jtag_cable_name =~ "Digilent Basys3 210183AB4F1CA" && level==0} -index 0' command is executed.
12:21:21 INFO  : 'fpga -state' command is executed.
12:21:21 INFO  : Connected to target on host '127.0.0.1' and port '3121'.
12:21:21 INFO  : Jtag cable 'Digilent Basys3 210183AB4F1CA' is selected.
12:21:21 INFO  : 'jtag frequency' command is executed.
12:21:21 INFO  : 'configparams mdm-detect-bscan-mask 2' command is executed.
12:21:21 INFO  : Context for processor 'microblaze_0' is selected.
12:21:21 INFO  : Processor reset is completed for 'microblaze_0'.
12:21:21 INFO  : Context for processor 'microblaze_0' is selected.
12:21:21 INFO  : The application 'C:/Users/Louis/Desktop/SoC_TP_ENSEA/SoC_Basys3/SoC_Basys3.sdk/Animer_hello/Debug/Animer_hello.elf' is downloaded to processor 'microblaze_0'.
12:21:21 INFO  : ----------------XSDB Script----------------
connect -url tcp:127.0.0.1:3121
configparams mdm-detect-bscan-mask 2
targets -set -nocase -filter {name =~ "microblaze*#0" && bscan=="USER2"  && jtag_cable_name =~ "Digilent Basys3 210183AB4F1CA"} -index 0
rst -processor
targets -set -nocase -filter {name =~ "microblaze*#0" && bscan=="USER2"  && jtag_cable_name =~ "Digilent Basys3 210183AB4F1CA"} -index 0
dow C:/Users/Louis/Desktop/SoC_TP_ENSEA/SoC_Basys3/SoC_Basys3.sdk/Animer_hello/Debug/Animer_hello.elf
----------------End of Script----------------

12:21:21 INFO  : Memory regions updated for context PA
12:21:21 INFO  : Memory regions updated for context PA
12:21:21 INFO  : Context for processor 'microblaze_0' is selected.
12:21:21 INFO  : 'con' command is executed.
12:21:21 INFO  : ----------------XSDB Script (After Launch)----------------
targets -set -nocase -filter {name =~ "microblaze*#0" && bscan=="USER2"  && jtag_cable_name =~ "Digilent Basys3 210183AB4F1CA"} -index 0
con
----------------End of Script----------------

12:21:21 INFO  : Launch script is exported to file 'C:\Users\Louis\Desktop\SoC_TP_ENSEA\SoC_Basys3\SoC_Basys3.sdk\.sdk\launch_scripts\xilinx_c-c++_application_(system_debugger)\system_debugger_using_debug_animer_hello.elf_on_local.tcl'
12:22:15 INFO  : Disconnected from the channel tcfchan#36.
19:13:03 INFO  : Registering command handlers for SDK TCF services
19:13:04 INFO  : Launching XSCT server: xsct.bat -interactive C:\Users\Louis\Desktop\SoC_TP_ENSEA\SoC_Basys3\SoC_Basys3.sdk\temp_xsdb_launch_script.tcl
19:13:09 INFO  : XSCT server has started successfully.
19:13:22 INFO  : Successfully done setting XSCT server connection channel  
19:13:22 INFO  : Successfully done setting SDK workspace  
19:13:22 INFO  : Processing command line option -hwspec C:/Users/Louis/Desktop/SoC_TP_ENSEA/SoC_Basys3/SoC_Basys3.sdk/design_1_wrapper.hdf.
19:13:22 INFO  : Checking for hwspec changes in the project design_1_wrapper_hw_platform_0.
19:17:00 INFO  : Connected to target on host '127.0.0.1' and port '3121'.
19:17:01 INFO  : 'targets -set -filter {jtag_cable_name =~ "Digilent Basys3 210183AB4F1CA" && level==0} -index 0' command is executed.
19:17:02 INFO  : FPGA configured successfully with bitstream "C:/Users/Louis/Desktop/SoC_TP_ENSEA/SoC_Basys3/SoC_Basys3.sdk/design_1_wrapper_hw_platform_0/download.bit"
19:18:08 INFO  : 'targets -set -filter {jtag_cable_name =~ "Digilent Basys3 210183AB4F1CA" && level==0} -index 0' command is executed.
19:18:08 INFO  : 'fpga -state' command is executed.
19:18:08 INFO  : Connected to target on host '127.0.0.1' and port '3121'.
19:18:08 INFO  : Jtag cable 'Digilent Basys3 210183AB4F1CA' is selected.
19:18:08 INFO  : 'jtag frequency' command is executed.
19:18:08 INFO  : 'configparams mdm-detect-bscan-mask 2' command is executed.
19:18:08 INFO  : Context for processor 'microblaze_0' is selected.
19:18:08 INFO  : Processor reset is completed for 'microblaze_0'.
19:18:08 INFO  : Context for processor 'microblaze_0' is selected.
19:18:08 INFO  : The application 'C:/Users/Louis/Desktop/SoC_TP_ENSEA/SoC_Basys3/SoC_Basys3.sdk/Animer_hello/Debug/Animer_hello.elf' is downloaded to processor 'microblaze_0'.
19:18:08 INFO  : ----------------XSDB Script----------------
connect -url tcp:127.0.0.1:3121
configparams mdm-detect-bscan-mask 2
targets -set -nocase -filter {name =~ "microblaze*#0" && bscan=="USER2"  && jtag_cable_name =~ "Digilent Basys3 210183AB4F1CA"} -index 0
rst -processor
targets -set -nocase -filter {name =~ "microblaze*#0" && bscan=="USER2"  && jtag_cable_name =~ "Digilent Basys3 210183AB4F1CA"} -index 0
dow C:/Users/Louis/Desktop/SoC_TP_ENSEA/SoC_Basys3/SoC_Basys3.sdk/Animer_hello/Debug/Animer_hello.elf
----------------End of Script----------------

19:18:08 INFO  : Memory regions updated for context PA
19:18:08 INFO  : Memory regions updated for context PA
19:18:08 INFO  : Context for processor 'microblaze_0' is selected.
19:18:08 INFO  : 'con' command is executed.
19:18:08 INFO  : ----------------XSDB Script (After Launch)----------------
targets -set -nocase -filter {name =~ "microblaze*#0" && bscan=="USER2"  && jtag_cable_name =~ "Digilent Basys3 210183AB4F1CA"} -index 0
con
----------------End of Script----------------

19:18:08 INFO  : Launch script is exported to file 'C:\Users\Louis\Desktop\SoC_TP_ENSEA\SoC_Basys3\SoC_Basys3.sdk\.sdk\launch_scripts\xilinx_c-c++_application_(system_debugger)\system_debugger_using_debug_animer_hello.elf_on_local.tcl'
19:24:23 INFO  : Disconnected from the channel tcfchan#1.
